<?xml version="1.0" encoding="UTF-8"?>
<!-- Generated by org.testng.reporters.JUnitXMLReporter -->
<testsuite hostname="DESKTOP-NJPJ0R9" ignored="0" name="Default test" tests="2" failures="0" timestamp="27 Jul 2020 09:22:06 GMT" time="73.229" errors="0">
  <testcase name="BlankToField" time="36.167" classname="com.purpleAdmin.qa.testcases.WebNavigationDirectionsTestCases"/>
  <testcase name="BlankToField" time="33.86" classname="com.purpleAdmin.qa.testcases.WebNavigationDirectionsTestCases"/>
</testsuite> <!-- Default test -->
