<?xml version="1.0" encoding="UTF-8"?>
<!-- Generated by org.testng.reporters.JUnitXMLReporter -->
<testsuite hostname="DESKTOP-NJPJ0R9" ignored="4" name="Web App" tests="23" failures="0" timestamp="12 Aug 2020 07:14:55 GMT" time="1223.238" errors="0">
  <testcase name="validateCompanyLogo" time="30.794" classname="com.purpleAdmin.qa.testcases.WebHomePageTestCase"/>
  <testcase name="validateOnsiteDirections" time="30.409" classname="com.purpleAdmin.qa.testcases.WebNavigationDirectionsTestCases"/>
  <testcase name="validateOnsiteOffsiteDirections" time="52.021" classname="com.purpleAdmin.qa.testcases.WebNavigationDirectionsTestCases"/>
  <testcase name="validateOffsiteOnsiteDirections" time="46.764" classname="com.purpleAdmin.qa.testcases.WebNavigationDirectionsTestCases"/>
  <testcase name="validateGoogleResults" time="149.845" classname="com.purpleAdmin.qa.testcases.WebNavigationDirectionsTestCases"/>
  <testcase name="validateReverseDirections" time="35.113" classname="com.purpleAdmin.qa.testcases.WebNavigationDirectionsTestCases"/>
  <testcase name="validateMapZoomIn" time="32.331" classname="com.purpleAdmin.qa.testcases.WebMapPageTestCases"/>
  <testcase name="validateMapZoomOut" time="30.751" classname="com.purpleAdmin.qa.testcases.WebMapPageTestCases"/>
  <testcase name="validateMapRotateLeft" time="32.312" classname="com.purpleAdmin.qa.testcases.WebMapPageTestCases"/>
  <testcase name="validateMapRotateRight" time="153.594" classname="com.purpleAdmin.qa.testcases.WebMapPageTestCases"/>
  <testcase name="validateMapRecenter" time="35.466" classname="com.purpleAdmin.qa.testcases.WebMapPageTestCases"/>
  <testcase name="validateKeyLegends" time="181.138" classname="com.purpleAdmin.qa.testcases.WebMapPageTestCases"/>
  <testcase name="validateEmailBtn" time="47.313" classname="com.purpleAdmin.qa.testcases.WebEmailPrintTestCases"/>
  <testcase name="validatePrintBtn" time="34.897" classname="com.purpleAdmin.qa.testcases.WebEmailPrintTestCases"/>
  <testcase name="validateClearRouteBtn" time="31.043" classname="com.purpleAdmin.qa.testcases.WebHamburgerPageTestCases"/>
  <testcase name="validateEULABtn" time="29.624" classname="com.purpleAdmin.qa.testcases.WebHamburgerPageTestCases"/>
  <testcase name="validateAppOverviewBtn" time="34.976" classname="com.purpleAdmin.qa.testcases.WebHamburgerPageTestCases"/>
  <testcase name="validatePrivacyPolicyBtn" time="31.682" classname="com.purpleAdmin.qa.testcases.WebHamburgerPageTestCases"/>
  <testcase name="validateSubmitFeedbackBtn" time="26.199" classname="com.purpleAdmin.qa.testcases.WebHamburgerPageTestCases"/>
  <testcase name="validateFAQsBtn" time="33.686" classname="com.purpleAdmin.qa.testcases.WebHamburgerPageTestCases"/>
  <testcase name="validateSendFeedback" time="37.342" classname="com.purpleAdmin.qa.testcases.WebHamburgerPageTestCases"/>
  <testcase name="validateEventCaledar" time="29.378" classname="com.purpleAdmin.qa.testcases.WebHamburgerPageTestCases"/>
  <testcase name="validateDownloadMobileApp" time="38.203" classname="com.purpleAdmin.qa.testcases.WebHamburgerPageTestCases"/>
  <testcase name="@BeforeSuite setExtentReport" time="0.0" classname="com.purpleAdmin.qa.base.TestBase">
    <ignored/>
  </testcase> <!-- @BeforeSuite setExtentReport -->
  <testcase name="@BeforeSuite setExtentReport" time="0.0" classname="com.purpleAdmin.qa.base.TestBase">
    <ignored/>
  </testcase> <!-- @BeforeSuite setExtentReport -->
  <testcase name="@BeforeSuite setExtentReport" time="0.0" classname="com.purpleAdmin.qa.base.TestBase">
    <ignored/>
  </testcase> <!-- @BeforeSuite setExtentReport -->
  <testcase name="@BeforeSuite setExtentReport" time="0.0" classname="com.purpleAdmin.qa.base.TestBase">
    <ignored/>
  </testcase> <!-- @BeforeSuite setExtentReport -->
</testsuite> <!-- Web App -->
