<?xml version="1.0" encoding="UTF-8"?>
<!-- Generated by org.testng.reporters.JUnitXMLReporter -->
<testsuite hostname="DESKTOP-NJPJ0R9" ignored="1" name="Web App" tests="5" failures="0" timestamp="02 Jul 2020 07:31:22 GMT" time="173.056" errors="0">
  <testcase name="validateAppOverviewBtn" time="46.466" classname="com.purpleAdmin.qa.testcases.WebHamburgerPageTestCases"/>
  <testcase name="validateEULABtn" time="30.779" classname="com.purpleAdmin.qa.testcases.WebHamburgerPageTestCases"/>
  <testcase name="validateFAQsBtn" time="33.216" classname="com.purpleAdmin.qa.testcases.WebHamburgerPageTestCases"/>
  <testcase name="validatePrivacyPolicyBtn" time="31.792" classname="com.purpleAdmin.qa.testcases.WebHamburgerPageTestCases"/>
  <testcase name="validateSubmitFeedbackBtn" time="25.13" classname="com.purpleAdmin.qa.testcases.WebHamburgerPageTestCases"/>
  <testcase name="@BeforeSuite setExtentReport" time="0.0" classname="com.purpleAdmin.qa.base.TestBase">
    <ignored/>
  </testcase> <!-- @BeforeSuite setExtentReport -->
</testsuite> <!-- Web App -->
