<?xml version="1.0" encoding="UTF-8"?>
<testng-results skipped="0" failed="1" ignored="0" total="4" passed="3">
  <reporter-output>
  </reporter-output>
  <suite name="Default suite" duration-ms="231758" started-at="2020-07-28T10:29:27Z" finished-at="2020-07-28T10:33:19Z">
    <groups>
    </groups>
    <test name="Default test" duration-ms="231758" started-at="2020-07-28T10:29:27Z" finished-at="2020-07-28T10:33:19Z">
      <class name="com.purpleAdmin.qa.testcases.WebNavigationDirectionsTestCases">
        <test-method status="PASS" signature="setExtentReport()[pri:0, instance:com.purpleAdmin.qa.testcases.WebNavigationDirectionsTestCases@73846619]" name="setExtentReport" is-config="true" duration-ms="274" started-at="2020-07-28T10:29:27Z" finished-at="2020-07-28T10:29:27Z">
          <reporter-output>
          </reporter-output>
        </test-method> <!-- setExtentReport -->
        <test-method status="PASS" signature="createTest()[pri:0, instance:com.purpleAdmin.qa.testcases.WebNavigationDirectionsTestCases@73846619]" name="createTest" is-config="true" duration-ms="7" started-at="2020-07-28T10:29:27Z" finished-at="2020-07-28T10:29:27Z">
          <reporter-output>
          </reporter-output>
        </test-method> <!-- createTest -->
        <test-method status="PASS" signature="setUp()[pri:0, instance:com.purpleAdmin.qa.testcases.WebNavigationDirectionsTestCases@73846619]" name="setUp" is-config="true" duration-ms="1" started-at="2020-07-28T10:29:28Z" finished-at="2020-07-28T10:29:28Z">
          <reporter-output>
          </reporter-output>
        </test-method> <!-- setUp -->
        <test-method status="PASS" signature="validateOnsiteDirections(java.util.HashMap)[pri:1, instance:com.purpleAdmin.qa.testcases.WebNavigationDirectionsTestCases@73846619]" name="validateOnsiteDirections" duration-ms="40039" started-at="2020-07-28T10:29:28Z" data-provider="getData" finished-at="2020-07-28T10:30:08Z">
          <params>
            <param index="0">
              <value>
                <![CDATA[{COLUMN_37=, COLUMN_36=, COLUMN_17=, COLUMN_39=, COLUMN_38=, DirectoryInternalInput1=, COLUMN_33=, COLUMN_32=, COLUMN_35=, COLUMN_34=, COLUMN_31=, COLUMN_30=, EMAIL=, CAMPUS_NAME=AMC, EMAILSENTMESSAGE=, URL=https://amc.yourdirectroute.com/, STARTING_POINT=Emergency Department, DESTINATION_POINT=B2 Neuro & Surgical ICU: B230 - B259, SNO=1, FromDirectoryMenu=, COLUMN_19=, COLUMN_18=, TEST_CASE_NAME=validateOnsiteDirections, ToDirectoryMenu=, COLUMN_26=, COLUMN_25=, COLUMN_28=, COLUMN_27=, COLUMN_22=, COLUMN_21=, COLUMN_24=, COLUMN_23=, COLUMN_40=, ToSubMenu2=, ToSubMenu1=, COLUMN_20=, COLUMN_42=, COLUMN_41=, EXPECTED_TITLE=, FromSubMenu1=, FromSubMenu2=, BROWSER_NAME=Chrome, COLUMN_29=}]]>
              </value>
            </param>
          </params>
          <reporter-output>
          </reporter-output>
        </test-method> <!-- validateOnsiteDirections -->
        <test-method status="PASS" signature="tearDown()[pri:0, instance:com.purpleAdmin.qa.testcases.WebNavigationDirectionsTestCases@73846619]" name="tearDown" is-config="true" duration-ms="1603" started-at="2020-07-28T10:30:08Z" finished-at="2020-07-28T10:30:09Z">
          <reporter-output>
          </reporter-output>
        </test-method> <!-- tearDown -->
        <test-method status="PASS" signature="setUp()[pri:0, instance:com.purpleAdmin.qa.testcases.WebNavigationDirectionsTestCases@73846619]" name="setUp" is-config="true" duration-ms="0" started-at="2020-07-28T10:30:09Z" finished-at="2020-07-28T10:30:09Z">
          <reporter-output>
          </reporter-output>
        </test-method> <!-- setUp -->
        <test-method status="PASS" signature="validateOnsiteDirections(java.util.HashMap)[pri:1, instance:com.purpleAdmin.qa.testcases.WebNavigationDirectionsTestCases@73846619]" name="validateOnsiteDirections" duration-ms="57485" started-at="2020-07-28T10:30:09Z" data-provider="getData" finished-at="2020-07-28T10:31:07Z">
          <params>
            <param index="0">
              <value>
                <![CDATA[{COLUMN_37=, COLUMN_36=, COLUMN_17=, COLUMN_39=, COLUMN_38=, DirectoryInternalInput1=, COLUMN_33=, COLUMN_32=, COLUMN_35=, COLUMN_34=, COLUMN_31=, COLUMN_30=, EMAIL=, CAMPUS_NAME=AMC, EMAILSENTMESSAGE=, URL=https://amc.yourdirectroute.com/, STARTING_POINT=Emergency Department, DESTINATION_POINT=B2 Neuro & Surgical ICU: B230 - B259, SNO=2, FromDirectoryMenu=, COLUMN_19=, COLUMN_18=, TEST_CASE_NAME=validateOnsiteDirections, ToDirectoryMenu=, COLUMN_26=, COLUMN_25=, COLUMN_28=, COLUMN_27=, COLUMN_22=, COLUMN_21=, COLUMN_24=, COLUMN_23=, COLUMN_40=, ToSubMenu2=, ToSubMenu1=, COLUMN_20=, COLUMN_42=, COLUMN_41=, EXPECTED_TITLE=, FromSubMenu1=, FromSubMenu2=, BROWSER_NAME=FF, COLUMN_29=}]]>
              </value>
            </param>
          </params>
          <reporter-output>
          </reporter-output>
        </test-method> <!-- validateOnsiteDirections -->
        <test-method status="PASS" signature="tearDown()[pri:0, instance:com.purpleAdmin.qa.testcases.WebNavigationDirectionsTestCases@73846619]" name="tearDown" is-config="true" duration-ms="10614" started-at="2020-07-28T10:31:07Z" finished-at="2020-07-28T10:31:17Z">
          <reporter-output>
          </reporter-output>
        </test-method> <!-- tearDown -->
        <test-method status="PASS" signature="validateOnsiteDirections(java.util.HashMap)[pri:1, instance:com.purpleAdmin.qa.testcases.WebNavigationDirectionsTestCases@73846619]" name="validateOnsiteDirections" duration-ms="52738" started-at="2020-07-28T10:31:17Z" data-provider="getData" finished-at="2020-07-28T10:32:10Z">
          <params>
            <param index="0">
              <value>
                <![CDATA[{COLUMN_37=, COLUMN_36=, COLUMN_17=, COLUMN_39=, COLUMN_38=, DirectoryInternalInput1=, COLUMN_33=, COLUMN_32=, COLUMN_35=, COLUMN_34=, COLUMN_31=, COLUMN_30=, EMAIL=, CAMPUS_NAME=AMC, EMAILSENTMESSAGE=, URL=https://amc.yourdirectroute.com/, STARTING_POINT=Emergency Department, DESTINATION_POINT=B2 Neuro & Surgical ICU: B230 - B259, SNO=3, FromDirectoryMenu=, COLUMN_19=, COLUMN_18=, TEST_CASE_NAME=validateOnsiteDirections, ToDirectoryMenu=, COLUMN_26=, COLUMN_25=, COLUMN_28=, COLUMN_27=, COLUMN_22=, COLUMN_21=, COLUMN_24=, COLUMN_23=, COLUMN_40=, ToSubMenu2=, ToSubMenu1=, COLUMN_20=, COLUMN_42=, COLUMN_41=, EXPECTED_TITLE=, FromSubMenu1=, FromSubMenu2=, BROWSER_NAME=Edge, COLUMN_29=}]]>
              </value>
            </param>
          </params>
          <reporter-output>
          </reporter-output>
        </test-method> <!-- validateOnsiteDirections -->
        <test-method status="PASS" signature="setUp()[pri:0, instance:com.purpleAdmin.qa.testcases.WebNavigationDirectionsTestCases@73846619]" name="setUp" is-config="true" duration-ms="0" started-at="2020-07-28T10:31:17Z" finished-at="2020-07-28T10:31:17Z">
          <reporter-output>
          </reporter-output>
        </test-method> <!-- setUp -->
        <test-method status="PASS" signature="tearDown()[pri:0, instance:com.purpleAdmin.qa.testcases.WebNavigationDirectionsTestCases@73846619]" name="tearDown" is-config="true" duration-ms="1402" started-at="2020-07-28T10:32:10Z" finished-at="2020-07-28T10:32:12Z">
          <reporter-output>
          </reporter-output>
        </test-method> <!-- tearDown -->
        <test-method status="PASS" signature="setUp()[pri:0, instance:com.purpleAdmin.qa.testcases.WebNavigationDirectionsTestCases@73846619]" name="setUp" is-config="true" duration-ms="0" started-at="2020-07-28T10:32:12Z" finished-at="2020-07-28T10:32:12Z">
          <reporter-output>
          </reporter-output>
        </test-method> <!-- setUp -->
        <test-method status="FAIL" signature="validateOnsiteDirections(java.util.HashMap)[pri:1, instance:com.purpleAdmin.qa.testcases.WebNavigationDirectionsTestCases@73846619]" name="validateOnsiteDirections" duration-ms="66754" started-at="2020-07-28T10:32:12Z" data-provider="getData" finished-at="2020-07-28T10:33:18Z">
          <params>
            <param index="0">
              <value>
                <![CDATA[{COLUMN_37=, COLUMN_36=, COLUMN_17=, COLUMN_39=, COLUMN_38=, DirectoryInternalInput1=, COLUMN_33=, COLUMN_32=, COLUMN_35=, COLUMN_34=, COLUMN_31=, COLUMN_30=, EMAIL=, CAMPUS_NAME=AMC, EMAILSENTMESSAGE=, URL=https://amc.yourdirectroute.com/, STARTING_POINT=Emergency Department, DESTINATION_POINT=B2 Neuro & Surgical ICU: B230 - B259, SNO=4, FromDirectoryMenu=, COLUMN_19=, COLUMN_18=, TEST_CASE_NAME=validateOnsiteDirections, ToDirectoryMenu=, COLUMN_26=, COLUMN_25=, COLUMN_28=, COLUMN_27=, COLUMN_22=, COLUMN_21=, COLUMN_24=, COLUMN_23=, COLUMN_40=, ToSubMenu2=, ToSubMenu1=, COLUMN_20=, COLUMN_42=, COLUMN_41=, EXPECTED_TITLE=, FromSubMenu1=, FromSubMenu2=, BROWSER_NAME=IE, COLUMN_29=}]]>
              </value>
            </param>
          </params>
          <exception class="java.lang.StackOverflowError">
            <full-stacktrace>
              <![CDATA[java.lang.StackOverflowError
at java.lang.Exception.<init>(Unknown Source)
at java.lang.ReflectiveOperationException.<init>(Unknown Source)
at java.lang.reflect.InvocationTargetException.<init>(Unknown Source)
at sun.reflect.GeneratedMethodAccessor32.invoke(Unknown Source)
at sun.reflect.DelegatingMethodAccessorImpl.invoke(Unknown Source)
at java.lang.reflect.Method.invoke(Unknown Source)
at org.openqa.selenium.support.events.EventFiringWebDriver.lambda$new$0(EventFiringWebDriver.java:84)
at com.sun.proxy.$Proxy10.onException(Unknown Source)
at org.openqa.selenium.support.events.EventFiringWebDriver.lambda$new$1(EventFiringWebDriver.java:107)
at com.sun.proxy.$Proxy18.getScreenshotAs(Unknown Source)
at org.openqa.selenium.support.events.EventFiringWebDriver.getScreenshotAs(EventFiringWebDriver.java:302)
at com.purpleAdmin.qa.util.TestUtil.takeScreenshotAtEndOfTest(TestUtil.java:68)
at com.purpleAdmin.qa.util.WebEventListener.onException(WebEventListener.java:60)
at sun.reflect.GeneratedMethodAccessor32.invoke(Unknown Source)
at sun.reflect.DelegatingMethodAccessorImpl.invoke(Unknown Source)
at java.lang.reflect.Method.invoke(Unknown Source)
at org.openqa.selenium.support.events.EventFiringWebDriver.lambda$new$0(EventFiringWebDriver.java:84)
at com.sun.proxy.$Proxy10.onException(Unknown Source)
at org.openqa.selenium.support.events.EventFiringWebDriver.lambda$new$1(EventFiringWebDriver.java:107)
at com.sun.proxy.$Proxy18.getScreenshotAs(Unknown Source)
at org.openqa.selenium.support.events.EventFiringWebDriver.getScreenshotAs(EventFiringWebDriver.java:302)
at com.purpleAdmin.qa.util.TestUtil.takeScreenshotAtEndOfTest(TestUtil.java:68)
at com.purpleAdmin.qa.util.WebEventListener.onException(WebEventListener.java:60)
at sun.reflect.GeneratedMethodAccessor32.invoke(Unknown Source)
at sun.reflect.DelegatingMethodAccessorImpl.invoke(Unknown Source)
at java.lang.reflect.Method.invoke(Unknown Source)
at org.openqa.selenium.support.events.EventFiringWebDriver.lambda$new$0(EventFiringWebDriver.java:84)
at com.sun.proxy.$Proxy10.onException(Unknown Source)
at org.openqa.selenium.support.events.EventFiringWebDriver.lambda$new$1(EventFiringWebDriver.java:107)
at com.sun.proxy.$Proxy18.getScreenshotAs(Unknown Source)
at org.openqa.selenium.support.events.EventFiringWebDriver.getScreenshotAs(EventFiringWebDriver.java:302)
at com.purpleAdmin.qa.util.TestUtil.takeScreenshotAtEndOfTest(TestUtil.java:68)
at com.purpleAdmin.qa.util.WebEventListener.onException(WebEventListener.java:60)
at sun.reflect.GeneratedMethodAccessor32.invoke(Unknown Source)
at sun.reflect.DelegatingMethodAccessorImpl.invoke(Unknown Source)
at java.lang.reflect.Method.invoke(Unknown Source)
at org.openqa.selenium.support.events.EventFiringWebDriver.lambda$new$0(EventFiringWebDriver.java:84)
at com.sun.proxy.$Proxy10.onException(Unknown Source)
at org.openqa.selenium.support.events.EventFiringWebDriver.lambda$new$1(EventFiringWebDriver.java:107)
at com.sun.proxy.$Proxy18.getScreenshotAs(Unknown Source)
at org.openqa.selenium.support.events.EventFiringWebDriver.getScreenshotAs(EventFiringWebDriver.java:302)
at com.purpleAdmin.qa.util.TestUtil.takeScreenshotAtEndOfTest(TestUtil.java:68)
at com.purpleAdmin.qa.util.WebEventListener.onException(WebEventListener.java:60)
at sun.reflect.GeneratedMethodAccessor32.invoke(Unknown Source)
at sun.reflect.DelegatingMethodAccessorImpl.invoke(Unknown Source)
at java.lang.reflect.Method.invoke(Unknown Source)
at org.openqa.selenium.support.events.EventFiringWebDriver.lambda$new$0(EventFiringWebDriver.java:84)
at com.sun.proxy.$Proxy10.onException(Unknown Source)
at org.openqa.selenium.support.events.EventFiringWebDriver.lambda$new$1(EventFiringWebDriver.java:107)
at com.sun.proxy.$Proxy18.getScreenshotAs(Unknown Source)
at org.openqa.selenium.support.events.EventFiringWebDriver.getScreenshotAs(EventFiringWebDriver.java:302)
at com.purpleAdmin.qa.util.TestUtil.takeScreenshotAtEndOfTest(TestUtil.java:68)
at com.purpleAdmin.qa.util.WebEventListener.onException(WebEventListener.java:60)
at sun.reflect.GeneratedMethodAccessor32.invoke(Unknown Source)
at sun.reflect.DelegatingMethodAccessorImpl.invoke(Unknown Source)
at java.lang.reflect.Method.invoke(Unknown Source)
at org.openqa.selenium.support.events.EventFiringWebDriver.lambda$new$0(EventFiringWebDriver.java:84)
at com.sun.proxy.$Proxy10.onException(Unknown Source)
at org.openqa.selenium.support.events.EventFiringWebDriver.lambda$new$1(EventFiringWebDriver.java:107)
at com.sun.proxy.$Proxy18.getScreenshotAs(Unknown Source)
at org.openqa.selenium.support.events.EventFiringWebDriver.getScreenshotAs(EventFiringWebDriver.java:302)
at com.purpleAdmin.qa.util.TestUtil.takeScreenshotAtEndOfTest(TestUtil.java:68)
at com.purpleAdmin.qa.util.WebEventListener.onException(WebEventListener.java:60)
at sun.reflect.GeneratedMethodAccessor32.invoke(Unknown Source)
at sun.reflect.DelegatingMethodAccessorImpl.invoke(Unknown Source)
at java.lang.reflect.Method.invoke(Unknown Source)
at org.openqa.selenium.support.events.EventFiringWebDriver.lambda$new$0(EventFiringWebDriver.java:84)
at com.sun.proxy.$Proxy10.onException(Unknown Source)
at org.openqa.selenium.support.events.EventFiringWebDriver.lambda$new$1(EventFiringWebDriver.java:107)
at com.sun.proxy.$Proxy18.getScreenshotAs(Unknown Source)
at org.openqa.selenium.support.events.EventFiringWebDriver.getScreenshotAs(EventFiringWebDriver.java:302)
at com.purpleAdmin.qa.util.TestUtil.takeScreenshotAtEndOfTest(TestUtil.java:68)
at com.purpleAdmin.qa.util.WebEventListener.onException(WebEventListener.java:60)
at sun.reflect.GeneratedMethodAccessor32.invoke(Unknown Source)
at sun.reflect.DelegatingMethodAccessorImpl.invoke(Unknown Source)
at java.lang.reflect.Method.invoke(Unknown Source)
at org.openqa.selenium.support.events.EventFiringWebDriver.lambda$new$0(EventFiringWebDriver.java:84)
at com.sun.proxy.$Proxy10.onException(Unknown Source)
at org.openqa.selenium.support.events.EventFiringWebDriver.lambda$new$1(EventFiringWebDriver.java:107)
at com.sun.proxy.$Proxy18.getScreenshotAs(Unknown Source)
at org.openqa.selenium.support.events.EventFiringWebDriver.getScreenshotAs(EventFiringWebDriver.java:302)
at com.purpleAdmin.qa.util.TestUtil.takeScreenshotAtEndOfTest(TestUtil.java:68)
at com.purpleAdmin.qa.util.WebEventListener.onException(WebEventListener.java:60)
at sun.reflect.GeneratedMethodAccessor32.invoke(Unknown Source)
at sun.reflect.DelegatingMethodAccessorImpl.invoke(Unknown Source)
at java.lang.reflect.Method.invoke(Unknown Source)
at org.openqa.selenium.support.events.EventFiringWebDriver.lambda$new$0(EventFiringWebDriver.java:84)
at com.sun.proxy.$Proxy10.onException(Unknown Source)
at org.openqa.selenium.support.events.EventFiringWebDriver.lambda$new$1(EventFiringWebDriver.java:107)
at com.sun.proxy.$Proxy18.getScreenshotAs(Unknown Source)
at org.openqa.selenium.support.events.EventFiringWebDriver.getScreenshotAs(EventFiringWebDriver.java:302)
at com.purpleAdmin.qa.util.TestUtil.takeScreenshotAtEndOfTest(TestUtil.java:68)
at com.purpleAdmin.qa.util.WebEventListener.onException(WebEventListener.java:60)
at sun.reflect.GeneratedMethodAccessor32.invoke(Unknown Source)
at sun.reflect.DelegatingMethodAccessorImpl.invoke(Unknown Source)
at java.lang.reflect.Method.invoke(Unknown Source)
at org.openqa.selenium.support.events.EventFiringWebDriver.lambda$new$0(EventFiringWebDriver.java:84)
at com.sun.proxy.$Proxy10.onException(Unknown Source)
at org.openqa.selenium.support.events.EventFiringWebDriver.lambda$new$1(EventFiringWebDriver.java:107)
at com.sun.proxy.$Proxy18.getScreenshotAs(Unknown Source)
at org.openqa.selenium.support.events.EventFiringWebDriver.getScreenshotAs(EventFiringWebDriver.java:302)
at com.purpleAdmin.qa.util.TestUtil.takeScreenshotAtEndOfTest(TestUtil.java:68)
at com.purpleAdmin.qa.util.WebEventListener.onException(WebEventListener.java:60)
at sun.reflect.GeneratedMethodAccessor32.invoke(Unknown Source)
at sun.reflect.DelegatingMethodAccessorImpl.invoke(Unknown Source)
at java.lang.reflect.Method.invoke(Unknown Source)
at org.openqa.selenium.support.events.EventFiringWebDriver.lambda$new$0(EventFiringWebDriver.java:84)
at com.sun.proxy.$Proxy10.onException(Unknown Source)
at org.openqa.selenium.support.events.EventFiringWebDriver.lambda$new$1(EventFiringWebDriver.java:107)
at com.sun.proxy.$Proxy18.getScreenshotAs(Unknown Source)
at org.openqa.selenium.support.events.EventFiringWebDriver.getScreenshotAs(EventFiringWebDriver.java:302)
at com.purpleAdmin.qa.util.TestUtil.takeScreenshotAtEndOfTest(TestUtil.java:68)
at com.purpleAdmin.qa.util.WebEventListener.onException(WebEventListener.java:60)
at sun.reflect.GeneratedMethodAccessor32.invoke(Unknown Source)
at sun.reflect.DelegatingMethodAccessorImpl.invoke(Unknown Source)
at java.lang.reflect.Method.invoke(Unknown Source)
at org.openqa.selenium.support.events.EventFiringWebDriver.lambda$new$0(EventFiringWebDriver.java:84)
at com.sun.proxy.$Proxy10.onException(Unknown Source)
at org.openqa.selenium.support.events.EventFiringWebDriver.lambda$new$1(EventFiringWebDriver.java:107)
at com.sun.proxy.$Proxy18.getScreenshotAs(Unknown Source)
at org.openqa.selenium.support.events.EventFiringWebDriver.getScreenshotAs(EventFiringWebDriver.java:302)
at com.purpleAdmin.qa.util.TestUtil.takeScreenshotAtEndOfTest(TestUtil.java:68)
at com.purpleAdmin.qa.util.WebEventListener.onException(WebEventListener.java:60)
at sun.reflect.GeneratedMethodAccessor32.invoke(Unknown Source)
at sun.reflect.DelegatingMethodAccessorImpl.invoke(Unknown Source)
at java.lang.reflect.Method.invoke(Unknown Source)
at org.openqa.selenium.support.events.EventFiringWebDriver.lambda$new$0(EventFiringWebDriver.java:84)
at com.sun.proxy.$Proxy10.onException(Unknown Source)
at org.openqa.selenium.support.events.EventFiringWebDriver.lambda$new$1(EventFiringWebDriver.java:107)
at com.sun.proxy.$Proxy18.getScreenshotAs(Unknown Source)
at org.openqa.selenium.support.events.EventFiringWebDriver.getScreenshotAs(EventFiringWebDriver.java:302)
at com.purpleAdmin.qa.util.TestUtil.takeScreenshotAtEndOfTest(TestUtil.java:68)
at com.purpleAdmin.qa.util.WebEventListener.onException(WebEventListener.java:60)
at sun.reflect.GeneratedMethodAccessor32.invoke(Unknown Source)
at sun.reflect.DelegatingMethodAccessorImpl.invoke(Unknown Source)
at java.lang.reflect.Method.invoke(Unknown Source)
at org.openqa.selenium.support.events.EventFiringWebDriver.lambda$new$0(EventFiringWebDriver.java:84)
at com.sun.proxy.$Proxy10.onException(Unknown Source)
at org.openqa.selenium.support.events.EventFiringWebDriver.lambda$new$1(EventFiringWebDriver.java:107)
at com.sun.proxy.$Proxy18.getScreenshotAs(Unknown Source)
at org.openqa.selenium.support.events.EventFiringWebDriver.getScreenshotAs(EventFiringWebDriver.java:302)
at com.purpleAdmin.qa.util.TestUtil.takeScreenshotAtEndOfTest(TestUtil.java:68)
at com.purpleAdmin.qa.util.WebEventListener.onException(WebEventListener.java:60)
at sun.reflect.GeneratedMethodAccessor32.invoke(Unknown Source)
at sun.reflect.DelegatingMethodAccessorImpl.invoke(Unknown Source)
at java.lang.reflect.Method.invoke(Unknown Source)
at org.openqa.selenium.support.events.EventFiringWebDriver.lambda$new$0(EventFiringWebDriver.java:84)
at com.sun.proxy.$Proxy10.onException(Unknown Source)
at org.openqa.selenium.support.events.EventFiringWebDriver.lambda$new$1(EventFiringWebDriver.java:107)
at com.sun.proxy.$Proxy18.getScreenshotAs(Unknown Source)
at org.openqa.selenium.support.events.EventFiringWebDriver.getScreenshotAs(EventFiringWebDriver.java:302)
at com.purpleAdmin.qa.util.TestUtil.takeScreenshotAtEndOfTest(TestUtil.java:68)
at com.purpleAdmin.qa.util.WebEventListener.onException(WebEventListener.java:60)
at sun.reflect.GeneratedMethodAccessor32.invoke(Unknown Source)
at sun.reflect.DelegatingMethodAccessorImpl.invoke(Unknown Source)
at java.lang.reflect.Method.invoke(Unknown Source)
at org.openqa.selenium.support.events.EventFiringWebDriver.lambda$new$0(EventFiringWebDriver.java:84)
at com.sun.proxy.$Proxy10.onException(Unknown Source)
at org.openqa.selenium.support.events.EventFiringWebDriver.lambda$new$1(EventFiringWebDriver.java:107)
at com.sun.proxy.$Proxy18.getScreenshotAs(Unknown Source)
at org.openqa.selenium.support.events.EventFiringWebDriver.getScreenshotAs(EventFiringWebDriver.java:302)
at com.purpleAdmin.qa.util.TestUtil.takeScreenshotAtEndOfTest(TestUtil.java:68)
at com.purpleAdmin.qa.util.WebEventListener.onException(WebEventListener.java:60)
at sun.reflect.GeneratedMethodAccessor32.invoke(Unknown Source)
at sun.reflect.DelegatingMethodAccessorImpl.invoke(Unknown Source)
at java.lang.reflect.Method.invoke(Unknown Source)
at org.openqa.selenium.support.events.EventFiringWebDriver.lambda$new$0(EventFiringWebDriver.java:84)
at com.sun.proxy.$Proxy10.onException(Unknown Source)
at org.openqa.selenium.support.events.EventFiringWebDriver.lambda$new$1(EventFiringWebDriver.java:107)
at com.sun.proxy.$Proxy18.getScreenshotAs(Unknown Source)
at org.openqa.selenium.support.events.EventFiringWebDriver.getScreenshotAs(EventFiringWebDriver.java:302)
at com.purpleAdmin.qa.util.TestUtil.takeScreenshotAtEndOfTest(TestUtil.java:68)
at com.purpleAdmin.qa.util.WebEventListener.onException(WebEventListener.java:60)
at sun.reflect.GeneratedMethodAccessor32.invoke(Unknown Source)
at sun.reflect.DelegatingMethodAccessorImpl.invoke(Unknown Source)
at java.lang.reflect.Method.invoke(Unknown Source)
at org.openqa.selenium.support.events.EventFiringWebDriver.lambda$new$0(EventFiringWebDriver.java:84)
at com.sun.proxy.$Proxy10.onException(Unknown Source)
at org.openqa.selenium.support.events.EventFiringWebDriver.lambda$new$1(EventFiringWebDriver.java:107)
at com.sun.proxy.$Proxy18.getScreenshotAs(Unknown Source)
at org.openqa.selenium.support.events.EventFiringWebDriver.getScreenshotAs(EventFiringWebDriver.java:302)
at com.purpleAdmin.qa.util.TestUtil.takeScreenshotAtEndOfTest(TestUtil.java:68)
at com.purpleAdmin.qa.util.WebEventListener.onException(WebEventListener.java:60)
at sun.reflect.GeneratedMethodAccessor32.invoke(Unknown Source)
at sun.reflect.DelegatingMethodAccessorImpl.invoke(Unknown Source)
at java.lang.reflect.Method.invoke(Unknown Source)
at org.openqa.selenium.support.events.EventFiringWebDriver.lambda$new$0(EventFiringWebDriver.java:84)
at com.sun.proxy.$Proxy10.onException(Unknown Source)
at org.openqa.selenium.support.events.EventFiringWebDriver.lambda$new$1(EventFiringWebDriver.java:107)
at com.sun.proxy.$Proxy18.getScreenshotAs(Unknown Source)
at org.openqa.selenium.support.events.EventFiringWebDriver.getScreenshotAs(EventFiringWebDriver.java:302)
at com.purpleAdmin.qa.util.TestUtil.takeScreenshotAtEndOfTest(TestUtil.java:68)
at com.purpleAdmin.qa.util.WebEventListener.onException(WebEventListener.java:60)
at sun.reflect.GeneratedMethodAccessor32.invoke(Unknown Source)
at sun.reflect.DelegatingMethodAccessorImpl.invoke(Unknown Source)
at java.lang.reflect.Method.invoke(Unknown Source)
at org.openqa.selenium.support.events.EventFiringWebDriver.lambda$new$0(EventFiringWebDriver.java:84)
at com.sun.proxy.$Proxy10.onException(Unknown Source)
at org.openqa.selenium.support.events.EventFiringWebDriver.lambda$new$1(EventFiringWebDriver.java:107)
at com.sun.proxy.$Proxy18.getScreenshotAs(Unknown Source)
at org.openqa.selenium.support.events.EventFiringWebDriver.getScreenshotAs(EventFiringWebDriver.java:302)
at com.purpleAdmin.qa.util.TestUtil.takeScreenshotAtEndOfTest(TestUtil.java:68)
at com.purpleAdmin.qa.util.WebEventListener.onException(WebEventListener.java:60)
at sun.reflect.GeneratedMethodAccessor32.invoke(Unknown Source)
at sun.reflect.DelegatingMethodAccessorImpl.invoke(Unknown Source)
at java.lang.reflect.Method.invoke(Unknown Source)
at org.openqa.selenium.support.events.EventFiringWebDriver.lambda$new$0(EventFiringWebDriver.java:84)
at com.sun.proxy.$Proxy10.onException(Unknown Source)
at org.openqa.selenium.support.events.EventFiringWebDriver.lambda$new$1(EventFiringWebDriver.java:107)
at com.sun.proxy.$Proxy18.getScreenshotAs(Unknown Source)
at org.openqa.selenium.support.events.EventFiringWebDriver.getScreenshotAs(EventFiringWebDriver.java:302)
at com.purpleAdmin.qa.util.TestUtil.takeScreenshotAtEndOfTest(TestUtil.java:68)
at com.purpleAdmin.qa.util.WebEventListener.onException(WebEventListener.java:60)
at sun.reflect.GeneratedMethodAccessor32.invoke(Unknown Source)
at sun.reflect.DelegatingMethodAccessorImpl.invoke(Unknown Source)
at java.lang.reflect.Method.invoke(Unknown Source)
at org.openqa.selenium.support.events.EventFiringWebDriver.lambda$new$0(EventFiringWebDriver.java:84)
at com.sun.proxy.$Proxy10.onException(Unknown Source)
at org.openqa.selenium.support.events.EventFiringWebDriver.lambda$new$1(EventFiringWebDriver.java:107)
at com.sun.proxy.$Proxy18.getScreenshotAs(Unknown Source)
at org.openqa.selenium.support.events.EventFiringWebDriver.getScreenshotAs(EventFiringWebDriver.java:302)
at com.purpleAdmin.qa.util.TestUtil.takeScreenshotAtEndOfTest(TestUtil.java:68)
at com.purpleAdmin.qa.util.WebEventListener.onException(WebEventListener.java:60)
at sun.reflect.GeneratedMethodAccessor32.invoke(Unknown Source)
at sun.reflect.DelegatingMethodAccessorImpl.invoke(Unknown Source)
at java.lang.reflect.Method.invoke(Unknown Source)
at org.openqa.selenium.support.events.EventFiringWebDriver.lambda$new$0(EventFiringWebDriver.java:84)
at com.sun.proxy.$Proxy10.onException(Unknown Source)
at org.openqa.selenium.support.events.EventFiringWebDriver.lambda$new$1(EventFiringWebDriver.java:107)
at com.sun.proxy.$Proxy18.getScreenshotAs(Unknown Source)
at org.openqa.selenium.support.events.EventFiringWebDriver.getScreenshotAs(EventFiringWebDriver.java:302)
at com.purpleAdmin.qa.util.TestUtil.takeScreenshotAtEndOfTest(TestUtil.java:68)
at com.purpleAdmin.qa.util.WebEventListener.onException(WebEventListener.java:60)
at sun.reflect.GeneratedMethodAccessor32.invoke(Unknown Source)
at sun.reflect.DelegatingMethodAccessorImpl.invoke(Unknown Source)
at java.lang.reflect.Method.invoke(Unknown Source)
at org.openqa.selenium.support.events.EventFiringWebDriver.lambda$new$0(EventFiringWebDriver.java:84)
at com.sun.proxy.$Proxy10.onException(Unknown Source)
at org.openqa.selenium.support.events.EventFiringWebDriver.lambda$new$1(EventFiringWebDriver.java:107)
at com.sun.proxy.$Proxy18.getScreenshotAs(Unknown Source)
at org.openqa.selenium.support.events.EventFiringWebDriver.getScreenshotAs(EventFiringWebDriver.java:302)
at com.purpleAdmin.qa.util.TestUtil.takeScreenshotAtEndOfTest(TestUtil.java:68)
at com.purpleAdmin.qa.util.WebEventListener.onException(WebEventListener.java:60)
at sun.reflect.GeneratedMethodAccessor32.invoke(Unknown Source)
at sun.reflect.DelegatingMethodAccessorImpl.invoke(Unknown Source)
at java.lang.reflect.Method.invoke(Unknown Source)
at org.openqa.selenium.support.events.EventFiringWebDriver.lambda$new$0(EventFiringWebDriver.java:84)
at com.sun.proxy.$Proxy10.onException(Unknown Source)
at org.openqa.selenium.support.events.EventFiringWebDriver.lambda$new$1(EventFiringWebDriver.java:107)
at com.sun.proxy.$Proxy18.getScreenshotAs(Unknown Source)
at org.openqa.selenium.support.events.EventFiringWebDriver.getScreenshotAs(EventFiringWebDriver.java:302)
at com.purpleAdmin.qa.util.TestUtil.takeScreenshotAtEndOfTest(TestUtil.java:68)
at com.purpleAdmin.qa.util.WebEventListener.onException(WebEventListener.java:60)
at sun.reflect.GeneratedMethodAccessor32.invoke(Unknown Source)
at sun.reflect.DelegatingMethodAccessorImpl.invoke(Unknown Source)
at java.lang.reflect.Method.invoke(Unknown Source)
at org.openqa.selenium.support.events.EventFiringWebDriver.lambda$new$0(EventFiringWebDriver.java:84)
at com.sun.proxy.$Proxy10.onException(Unknown Source)
at org.openqa.selenium.support.events.EventFiringWebDriver.lambda$new$1(EventFiringWebDriver.java:107)
at com.sun.proxy.$Proxy18.getScreenshotAs(Unknown Source)
at org.openqa.selenium.support.events.EventFiringWebDriver.getScreenshotAs(EventFiringWebDriver.java:302)
at com.purpleAdmin.qa.util.TestUtil.takeScreenshotAtEndOfTest(TestUtil.java:68)
at com.purpleAdmin.qa.util.WebEventListener.onException(WebEventListener.java:60)
at sun.reflect.GeneratedMethodAccessor32.invoke(Unknown Source)
at sun.reflect.DelegatingMethodAccessorImpl.invoke(Unknown Source)
at java.lang.reflect.Method.invoke(Unknown Source)
at org.openqa.selenium.support.events.EventFiringWebDriver.lambda$new$0(EventFiringWebDriver.java:84)
at com.sun.proxy.$Proxy10.onException(Unknown Source)
at org.openqa.selenium.support.events.EventFiringWebDriver.lambda$new$1(EventFiringWebDriver.java:107)
at com.sun.proxy.$Proxy18.getScreenshotAs(Unknown Source)
at org.openqa.selenium.support.events.EventFiringWebDriver.getScreenshotAs(EventFiringWebDriver.java:302)
at com.purpleAdmin.qa.util.TestUtil.takeScreenshotAtEndOfTest(TestUtil.java:68)
at com.purpleAdmin.qa.util.WebEventListener.onException(WebEventListener.java:60)
at sun.reflect.GeneratedMethodAccessor32.invoke(Unknown Source)
at sun.reflect.DelegatingMethodAccessorImpl.invoke(Unknown Source)
at java.lang.reflect.Method.invoke(Unknown Source)
at org.openqa.selenium.support.events.EventFiringWebDriver.lambda$new$0(EventFiringWebDriver.java:84)
at com.sun.proxy.$Proxy10.onException(Unknown Source)
at org.openqa.selenium.support.events.EventFiringWebDriver.lambda$new$1(EventFiringWebDriver.java:107)
at com.sun.proxy.$Proxy18.getScreenshotAs(Unknown Source)
at org.openqa.selenium.support.events.EventFiringWebDriver.getScreenshotAs(EventFiringWebDriver.java:302)
at com.purpleAdmin.qa.util.TestUtil.takeScreenshotAtEndOfTest(TestUtil.java:68)
at com.purpleAdmin.qa.util.WebEventListener.onException(WebEventListener.java:60)
at sun.reflect.GeneratedMethodAccessor32.invoke(Unknown Source)
at sun.reflect.DelegatingMethodAccessorImpl.invoke(Unknown Source)
at java.lang.reflect.Method.invoke(Unknown Source)
at org.openqa.selenium.support.events.EventFiringWebDriver.lambda$new$0(EventFiringWebDriver.java:84)
at com.sun.proxy.$Proxy10.onException(Unknown Source)
at org.openqa.selenium.support.events.EventFiringWebDriver.lambda$new$1(EventFiringWebDriver.java:107)
at com.sun.proxy.$Proxy18.getScreenshotAs(Unknown Source)
at org.openqa.selenium.support.events.EventFiringWebDriver.getScreenshotAs(EventFiringWebDriver.java:302)
at com.purpleAdmin.qa.util.TestUtil.takeScreenshotAtEndOfTest(TestUtil.java:68)
at com.purpleAdmin.qa.util.WebEventListener.onException(WebEventListener.java:60)
at sun.reflect.GeneratedMethodAccessor32.invoke(Unknown Source)
at sun.reflect.DelegatingMethodAccessorImpl.invoke(Unknown Source)
at java.lang.reflect.Method.invoke(Unknown Source)
at org.openqa.selenium.support.events.EventFiringWebDriver.lambda$new$0(EventFiringWebDriver.java:84)
at com.sun.proxy.$Proxy10.onException(Unknown Source)
at org.openqa.selenium.support.events.EventFiringWebDriver.lambda$new$1(EventFiringWebDriver.java:107)
at com.sun.proxy.$Proxy18.getScreenshotAs(Unknown Source)
at org.openqa.selenium.support.events.EventFiringWebDriver.getScreenshotAs(EventFiringWebDriver.java:302)
at com.purpleAdmin.qa.util.TestUtil.takeScreenshotAtEndOfTest(TestUtil.java:68)
at com.purpleAdmin.qa.util.WebEventListener.onException(WebEventListener.java:60)
at sun.reflect.GeneratedMethodAccessor32.invoke(Unknown Source)
at sun.reflect.DelegatingMethodAccessorImpl.invoke(Unknown Source)
at java.lang.reflect.Method.invoke(Unknown Source)
at org.openqa.selenium.support.events.EventFiringWebDriver.lambda$new$0(EventFiringWebDriver.java:84)
at com.sun.proxy.$Proxy10.onException(Unknown Source)
at org.openqa.selenium.support.events.EventFiringWebDriver.lambda$new$1(EventFiringWebDriver.java:107)
at com.sun.proxy.$Proxy18.getScreenshotAs(Unknown Source)
at org.openqa.selenium.support.events.EventFiringWebDriver.getScreenshotAs(EventFiringWebDriver.java:302)
at com.purpleAdmin.qa.util.TestUtil.takeScreenshotAtEndOfTest(TestUtil.java:68)
at com.purpleAdmin.qa.util.WebEventListener.onException(WebEventListener.java:60)
at sun.reflect.GeneratedMethodAccessor32.invoke(Unknown Source)
at sun.reflect.DelegatingMethodAccessorImpl.invoke(Unknown Source)
at java.lang.reflect.Method.invoke(Unknown Source)
at org.openqa.selenium.support.events.EventFiringWebDriver.lambda$new$0(EventFiringWebDriver.java:84)
at com.sun.proxy.$Proxy10.onException(Unknown Source)
at org.openqa.selenium.support.events.EventFiringWebDriver.lambda$new$1(EventFiringWebDriver.java:107)
at com.sun.proxy.$Proxy18.getScreenshotAs(Unknown Source)
at org.openqa.selenium.support.events.EventFiringWebDriver.getScreenshotAs(EventFiringWebDriver.java:302)
at com.purpleAdmin.qa.util.TestUtil.takeScreenshotAtEndOfTest(TestUtil.java:68)
at com.purpleAdmin.qa.util.WebEventListener.onException(WebEventListener.java:60)
at sun.reflect.GeneratedMethodAccessor32.invoke(Unknown Source)
at sun.reflect.DelegatingMethodAccessorImpl.invoke(Unknown Source)
at java.lang.reflect.Method.invoke(Unknown Source)
at org.openqa.selenium.support.events.EventFiringWebDriver.lambda$new$0(EventFiringWebDriver.java:84)
at com.sun.proxy.$Proxy10.onException(Unknown Source)
at org.openqa.selenium.support.events.EventFiringWebDriver.lambda$new$1(EventFiringWebDriver.java:107)
at com.sun.proxy.$Proxy18.getScreenshotAs(Unknown Source)
at org.openqa.selenium.support.events.EventFiringWebDriver.getScreenshotAs(EventFiringWebDriver.java:302)
at com.purpleAdmin.qa.util.TestUtil.takeScreenshotAtEndOfTest(TestUtil.java:68)
at com.purpleAdmin.qa.util.WebEventListener.onException(WebEventListener.java:60)
at sun.reflect.GeneratedMethodAccessor32.invoke(Unknown Source)
at sun.reflect.DelegatingMethodAccessorImpl.invoke(Unknown Source)
at java.lang.reflect.Method.invoke(Unknown Source)
at org.openqa.selenium.support.events.EventFiringWebDriver.lambda$new$0(EventFiringWebDriver.java:84)
at com.sun.proxy.$Proxy10.onException(Unknown Source)
at org.openqa.selenium.support.events.EventFiringWebDriver.lambda$new$1(EventFiringWebDriver.java:107)
at com.sun.proxy.$Proxy18.getScreenshotAs(Unknown Source)
at org.openqa.selenium.support.events.EventFiringWebDriver.getScreenshotAs(EventFiringWebDriver.java:302)
at com.purpleAdmin.qa.util.TestUtil.takeScreenshotAtEndOfTest(TestUtil.java:68)
at com.purpleAdmin.qa.util.WebEventListener.onException(WebEventListener.java:60)
at sun.reflect.GeneratedMethodAccessor32.invoke(Unknown Source)
at sun.reflect.DelegatingMethodAccessorImpl.invoke(Unknown Source)
at java.lang.reflect.Method.invoke(Unknown Source)
at org.openqa.selenium.support.events.EventFiringWebDriver.lambda$new$0(EventFiringWebDriver.java:84)
at com.sun.proxy.$Proxy10.onException(Unknown Source)
at org.openqa.selenium.support.events.EventFiringWebDriver.lambda$new$1(EventFiringWebDriver.java:107)
at com.sun.proxy.$Proxy18.getScreenshotAs(Unknown Source)
at org.openqa.selenium.support.events.EventFiringWebDriver.getScreenshotAs(EventFiringWebDriver.java:302)
at com.purpleAdmin.qa.util.TestUtil.takeScreenshotAtEndOfTest(TestUtil.java:68)
at com.purpleAdmin.qa.util.WebEventListener.onException(WebEventListener.java:60)
at sun.reflect.GeneratedMethodAccessor32.invoke(Unknown Source)
at sun.reflect.DelegatingMethodAccessorImpl.invoke(Unknown Source)
at java.lang.reflect.Method.invoke(Unknown Source)
at org.openqa.selenium.support.events.EventFiringWebDriver.lambda$new$0(EventFiringWebDriver.java:84)
at com.sun.proxy.$Proxy10.onException(Unknown Source)
at org.openqa.selenium.support.events.EventFiringWebDriver.lambda$new$1(EventFiringWebDriver.java:107)
at com.sun.proxy.$Proxy18.getScreenshotAs(Unknown Source)
at org.openqa.selenium.support.events.EventFiringWebDriver.getScreenshotAs(EventFiringWebDriver.java:302)
at com.purpleAdmin.qa.util.TestUtil.takeScreenshotAtEndOfTest(TestUtil.java:68)
at com.purpleAdmin.qa.util.WebEventListener.onException(WebEventListener.java:60)
at sun.reflect.GeneratedMethodAccessor32.invoke(Unknown Source)
at sun.reflect.DelegatingMethodAccessorImpl.invoke(Unknown Source)
at java.lang.reflect.Method.invoke(Unknown Source)
at org.openqa.selenium.support.events.EventFiringWebDriver.lambda$new$0(EventFiringWebDriver.java:84)
at com.sun.proxy.$Proxy10.onException(Unknown Source)
at org.openqa.selenium.support.events.EventFiringWebDriver.lambda$new$1(EventFiringWebDriver.java:107)
at com.sun.proxy.$Proxy18.getScreenshotAs(Unknown Source)
at org.openqa.selenium.support.events.EventFiringWebDriver.getScreenshotAs(EventFiringWebDriver.java:302)
at com.purpleAdmin.qa.util.TestUtil.takeScreenshotAtEndOfTest(TestUtil.java:68)
at com.purpleAdmin.qa.util.WebEventListener.onException(WebEventListener.java:60)
at sun.reflect.GeneratedMethodAccessor32.invoke(Unknown Source)
at sun.reflect.DelegatingMethodAccessorImpl.invoke(Unknown Source)
at java.lang.reflect.Method.invoke(Unknown Source)
at org.openqa.selenium.support.events.EventFiringWebDriver.lambda$new$0(EventFiringWebDriver.java:84)
at com.sun.proxy.$Proxy10.onException(Unknown Source)
at org.openqa.selenium.support.events.EventFiringWebDriver.lambda$new$1(EventFiringWebDriver.java:107)
at com.sun.proxy.$Proxy18.getScreenshotAs(Unknown Source)
at org.openqa.selenium.support.events.EventFiringWebDriver.getScreenshotAs(EventFiringWebDriver.java:302)
at com.purpleAdmin.qa.util.TestUtil.takeScreenshotAtEndOfTest(TestUtil.java:68)
at com.purpleAdmin.qa.util.WebEventListener.onException(WebEventListener.java:60)
at sun.reflect.GeneratedMethodAccessor32.invoke(Unknown Source)
at sun.reflect.DelegatingMethodAccessorImpl.invoke(Unknown Source)
at java.lang.reflect.Method.invoke(Unknown Source)
at org.openqa.selenium.support.events.EventFiringWebDriver.lambda$new$0(EventFiringWebDriver.java:84)
at com.sun.proxy.$Proxy10.onException(Unknown Source)
at org.openqa.selenium.support.events.EventFiringWebDriver.lambda$new$1(EventFiringWebDriver.java:107)
at com.sun.proxy.$Proxy18.getScreenshotAs(Unknown Source)
at org.openqa.selenium.support.events.EventFiringWebDriver.getScreenshotAs(EventFiringWebDriver.java:302)
at com.purpleAdmin.qa.util.TestUtil.takeScreenshotAtEndOfTest(TestUtil.java:68)
at com.purpleAdmin.qa.util.WebEventListener.onException(WebEventListener.java:60)
at sun.reflect.GeneratedMethodAccessor32.invoke(Unknown Source)
at sun.reflect.DelegatingMethodAccessorImpl.invoke(Unknown Source)
at java.lang.reflect.Method.invoke(Unknown Source)
at org.openqa.selenium.support.events.EventFiringWebDriver.lambda$new$0(EventFiringWebDriver.java:84)
at com.sun.proxy.$Proxy10.onException(Unknown Source)
at org.openqa.selenium.support.events.EventFiringWebDriver.lambda$new$1(EventFiringWebDriver.java:107)
at com.sun.proxy.$Proxy18.getScreenshotAs(Unknown Source)
at org.openqa.selenium.support.events.EventFiringWebDriver.getScreenshotAs(EventFiringWebDriver.java:302)
at com.purpleAdmin.qa.util.TestUtil.takeScreenshotAtEndOfTest(TestUtil.java:68)
at com.purpleAdmin.qa.util.WebEventListener.onException(WebEventListener.java:60)
at sun.reflect.GeneratedMethodAccessor32.invoke(Unknown Source)
at sun.reflect.DelegatingMethodAccessorImpl.invoke(Unknown Source)
at java.lang.reflect.Method.invoke(Unknown Source)
at org.openqa.selenium.support.events.EventFiringWebDriver.lambda$new$0(EventFiringWebDriver.java:84)
at com.sun.proxy.$Proxy10.onException(Unknown Source)
at org.openqa.selenium.support.events.EventFiringWebDriver.lambda$new$1(EventFiringWebDriver.java:107)
at com.sun.proxy.$Proxy18.getScreenshotAs(Unknown Source)
at org.openqa.selenium.support.events.EventFiringWebDriver.getScreenshotAs(EventFiringWebDriver.java:302)
at com.purpleAdmin.qa.util.TestUtil.takeScreenshotAtEndOfTest(TestUtil.java:68)
at com.purpleAdmin.qa.util.WebEventListener.onException(WebEventListener.java:60)
at sun.reflect.GeneratedMethodAccessor32.invoke(Unknown Source)
at sun.reflect.DelegatingMethodAccessorImpl.invoke(Unknown Source)
at java.lang.reflect.Method.invoke(Unknown Source)
at org.openqa.selenium.support.events.EventFiringWebDriver.lambda$new$0(EventFiringWebDriver.java:84)
at com.sun.proxy.$Proxy10.onException(Unknown Source)
at org.openqa.selenium.support.events.EventFiringWebDriver.lambda$new$1(EventFiringWebDriver.java:107)
at com.sun.proxy.$Proxy18.getScreenshotAs(Unknown Source)
at org.openqa.selenium.support.events.EventFiringWebDriver.getScreenshotAs(EventFiringWebDriver.java:302)
at com.purpleAdmin.qa.util.TestUtil.takeScreenshotAtEndOfTest(TestUtil.java:68)
at com.purpleAdmin.qa.util.WebEventListener.onException(WebEventListener.java:60)
at sun.reflect.GeneratedMethodAccessor32.invoke(Unknown Source)
at sun.reflect.DelegatingMethodAccessorImpl.invoke(Unknown Source)
at java.lang.reflect.Method.invoke(Unknown Source)
at org.openqa.selenium.support.events.EventFiringWebDriver.lambda$new$0(EventFiringWebDriver.java:84)
at com.sun.proxy.$Proxy10.onException(Unknown Source)
at org.openqa.selenium.support.events.EventFiringWebDriver.lambda$new$1(EventFiringWebDriver.java:107)
at com.sun.proxy.$Proxy18.getScreenshotAs(Unknown Source)
at org.openqa.selenium.support.events.EventFiringWebDriver.getScreenshotAs(EventFiringWebDriver.java:302)
at com.purpleAdmin.qa.util.TestUtil.takeScreenshotAtEndOfTest(TestUtil.java:68)
at com.purpleAdmin.qa.util.WebEventListener.onException(WebEventListener.java:60)
at sun.reflect.GeneratedMethodAccessor32.invoke(Unknown Source)
at sun.reflect.DelegatingMethodAccessorImpl.invoke(Unknown Source)
at java.lang.reflect.Method.invoke(Unknown Source)
at org.openqa.selenium.support.events.EventFiringWebDriver.lambda$new$0(EventFiringWebDriver.java:84)
at com.sun.proxy.$Proxy10.onException(Unknown Source)
at org.openqa.selenium.support.events.EventFiringWebDriver.lambda$new$1(EventFiringWebDriver.java:107)
at com.sun.proxy.$Proxy18.getScreenshotAs(Unknown Source)
at org.openqa.selenium.support.events.EventFiringWebDriver.getScreenshotAs(EventFiringWebDriver.java:302)
at com.purpleAdmin.qa.util.TestUtil.takeScreenshotAtEndOfTest(TestUtil.java:68)
at com.purpleAdmin.qa.util.WebEventListener.onException(WebEventListener.java:60)
at sun.reflect.GeneratedMethodAccessor32.invoke(Unknown Source)
at sun.reflect.DelegatingMethodAccessorImpl.invoke(Unknown Source)
at java.lang.reflect.Method.invoke(Unknown Source)
at org.openqa.selenium.support.events.EventFiringWebDriver.lambda$new$0(EventFiringWebDriver.java:84)
at com.sun.proxy.$Proxy10.onException(Unknown Source)
at org.openqa.selenium.support.events.EventFiringWebDriver.lambda$new$1(EventFiringWebDriver.java:107)
at com.sun.proxy.$Proxy18.getScreenshotAs(Unknown Source)
at org.openqa.selenium.support.events.EventFiringWebDriver.getScreenshotAs(EventFiringWebDriver.java:302)
at com.purpleAdmin.qa.util.TestUtil.takeScreenshotAtEndOfTest(TestUtil.java:68)
at com.purpleAdmin.qa.util.WebEventListener.onException(WebEventListener.java:60)
at sun.reflect.GeneratedMethodAccessor32.invoke(Unknown Source)
at sun.reflect.DelegatingMethodAccessorImpl.invoke(Unknown Source)
at java.lang.reflect.Method.invoke(Unknown Source)
at org.openqa.selenium.support.events.EventFiringWebDriver.lambda$new$0(EventFiringWebDriver.java:84)
at com.sun.proxy.$Proxy10.onException(Unknown Source)
at org.openqa.selenium.support.events.EventFiringWebDriver.lambda$new$1(EventFiringWebDriver.java:107)
at com.sun.proxy.$Proxy18.getScreenshotAs(Unknown Source)
at org.openqa.selenium.support.events.EventFiringWebDriver.getScreenshotAs(EventFiringWebDriver.java:302)
at com.purpleAdmin.qa.util.TestUtil.takeScreenshotAtEndOfTest(TestUtil.java:68)
at com.purpleAdmin.qa.util.WebEventListener.onException(WebEventListener.java:60)
at sun.reflect.GeneratedMethodAccessor32.invoke(Unknown Source)
at sun.reflect.DelegatingMethodAccessorImpl.invoke(Unknown Source)
at java.lang.reflect.Method.invoke(Unknown Source)
at org.openqa.selenium.support.events.EventFiringWebDriver.lambda$new$0(EventFiringWebDriver.java:84)
at com.sun.proxy.$Proxy10.onException(Unknown Source)
at org.openqa.selenium.support.events.EventFiringWebDriver.lambda$new$1(EventFiringWebDriver.java:107)
at com.sun.proxy.$Proxy18.getScreenshotAs(Unknown Source)
at org.openqa.selenium.support.events.EventFiringWebDriver.getScreenshotAs(EventFiringWebDriver.java:302)
at com.purpleAdmin.qa.util.TestUtil.takeScreenshotAtEndOfTest(TestUtil.java:68)
at com.purpleAdmin.qa.util.WebEventListener.onException(WebEventListener.java:60)
at sun.reflect.GeneratedMethodAccessor32.invoke(Unknown Source)
at sun.reflect.DelegatingMethodAccessorImpl.invoke(Unknown Source)
at java.lang.reflect.Method.invoke(Unknown Source)
at org.openqa.selenium.support.events.EventFiringWebDriver.lambda$new$0(EventFiringWebDriver.java:84)
at com.sun.proxy.$Proxy10.onException(Unknown Source)
at org.openqa.selenium.support.events.EventFiringWebDriver.lambda$new$1(EventFiringWebDriver.java:107)
at com.sun.proxy.$Proxy18.getScreenshotAs(Unknown Source)
at org.openqa.selenium.support.events.EventFiringWebDriver.getScreenshotAs(EventFiringWebDriver.java:302)
at com.purpleAdmin.qa.util.TestUtil.takeScreenshotAtEndOfTest(TestUtil.java:68)
at com.purpleAdmin.qa.util.WebEventListener.onException(WebEventListener.java:60)
at sun.reflect.GeneratedMethodAccessor32.invoke(Unknown Source)
at sun.reflect.DelegatingMethodAccessorImpl.invoke(Unknown Source)
at java.lang.reflect.Method.invoke(Unknown Source)
at org.openqa.selenium.support.events.EventFiringWebDriver.lambda$new$0(EventFiringWebDriver.java:84)
at com.sun.proxy.$Proxy10.onException(Unknown Source)
at org.openqa.selenium.support.events.EventFiringWebDriver.lambda$new$1(EventFiringWebDriver.java:107)
at com.sun.proxy.$Proxy18.getScreenshotAs(Unknown Source)
at org.openqa.selenium.support.events.EventFiringWebDriver.getScreenshotAs(EventFiringWebDriver.java:302)
at com.purpleAdmin.qa.util.TestUtil.takeScreenshotAtEndOfTest(TestUtil.java:68)
at com.purpleAdmin.qa.util.WebEventListener.onException(WebEventListener.java:60)
at sun.reflect.GeneratedMethodAccessor32.invoke(Unknown Source)
at sun.reflect.DelegatingMethodAccessorImpl.invoke(Unknown Source)
at java.lang.reflect.Method.invoke(Unknown Source)
at org.openqa.selenium.support.events.EventFiringWebDriver.lambda$new$0(EventFiringWebDriver.java:84)
at com.sun.proxy.$Proxy10.onException(Unknown Source)
at org.openqa.selenium.support.events.EventFiringWebDriver.lambda$new$1(EventFiringWebDriver.java:107)
at com.sun.proxy.$Proxy18.getScreenshotAs(Unknown Source)
at org.openqa.selenium.support.events.EventFiringWebDriver.getScreenshotAs(EventFiringWebDriver.java:302)
at com.purpleAdmin.qa.util.TestUtil.takeScreenshotAtEndOfTest(TestUtil.java:68)
at com.purpleAdmin.qa.util.WebEventListener.onException(WebEventListener.java:60)
at sun.reflect.GeneratedMethodAccessor32.invoke(Unknown Source)
at sun.reflect.DelegatingMethodAccessorImpl.invoke(Unknown Source)
at java.lang.reflect.Method.invoke(Unknown Source)
at org.openqa.selenium.support.events.EventFiringWebDriver.lambda$new$0(EventFiringWebDriver.java:84)
at com.sun.proxy.$Proxy10.onException(Unknown Source)
at org.openqa.selenium.support.events.EventFiringWebDriver.lambda$new$1(EventFiringWebDriver.java:107)
at com.sun.proxy.$Proxy18.getScreenshotAs(Unknown Source)
at org.openqa.selenium.support.events.EventFiringWebDriver.getScreenshotAs(EventFiringWebDriver.java:302)
at com.purpleAdmin.qa.util.TestUtil.takeScreenshotAtEndOfTest(TestUtil.java:68)
at com.purpleAdmin.qa.util.WebEventListener.onException(WebEventListener.java:60)
at sun.reflect.GeneratedMethodAccessor32.invoke(Unknown Source)
at sun.reflect.DelegatingMethodAccessorImpl.invoke(Unknown Source)
at java.lang.reflect.Method.invoke(Unknown Source)
at org.openqa.selenium.support.events.EventFiringWebDriver.lambda$new$0(EventFiringWebDriver.java:84)
at com.sun.proxy.$Proxy10.onException(Unknown Source)
at org.openqa.selenium.support.events.EventFiringWebDriver.lambda$new$1(EventFiringWebDriver.java:107)
at com.sun.proxy.$Proxy18.getScreenshotAs(Unknown Source)
at org.openqa.selenium.support.events.EventFiringWebDriver.getScreenshotAs(EventFiringWebDriver.java:302)
at com.purpleAdmin.qa.util.TestUtil.takeScreenshotAtEndOfTest(TestUtil.java:68)
at com.purpleAdmin.qa.util.WebEventListener.onException(WebEventListener.java:60)
at sun.reflect.GeneratedMethodAccessor32.invoke(Unknown Source)
at sun.reflect.DelegatingMethodAccessorImpl.invoke(Unknown Source)
at java.lang.reflect.Method.invoke(Unknown Source)
at org.openqa.selenium.support.events.EventFiringWebDriver.lambda$new$0(EventFiringWebDriver.java:84)
at com.sun.proxy.$Proxy10.onException(Unknown Source)
at org.openqa.selenium.support.events.EventFiringWebDriver.lambda$new$1(EventFiringWebDriver.java:107)
at com.sun.proxy.$Proxy18.getScreenshotAs(Unknown Source)
at org.openqa.selenium.support.events.EventFiringWebDriver.getScreenshotAs(EventFiringWebDriver.java:302)
at com.purpleAdmin.qa.util.TestUtil.takeScreenshotAtEndOfTest(TestUtil.java:68)
at com.purpleAdmin.qa.util.WebEventListener.onException(WebEventListener.java:60)
at sun.reflect.GeneratedMethodAccessor32.invoke(Unknown Source)
at sun.reflect.DelegatingMethodAccessorImpl.invoke(Unknown Source)
at java.lang.reflect.Method.invoke(Unknown Source)
at org.openqa.selenium.support.events.EventFiringWebDriver.lambda$new$0(EventFiringWebDriver.java:84)
at com.sun.proxy.$Proxy10.onException(Unknown Source)
at org.openqa.selenium.support.events.EventFiringWebDriver.lambda$new$1(EventFiringWebDriver.java:107)
at com.sun.proxy.$Proxy18.getScreenshotAs(Unknown Source)
at org.openqa.selenium.support.events.EventFiringWebDriver.getScreenshotAs(EventFiringWebDriver.java:302)
at com.purpleAdmin.qa.util.TestUtil.takeScreenshotAtEndOfTest(TestUtil.java:68)
at com.purpleAdmin.qa.util.WebEventListener.onException(WebEventListener.java:60)
at sun.reflect.GeneratedMethodAccessor32.invoke(Unknown Source)
at sun.reflect.DelegatingMethodAccessorImpl.invoke(Unknown Source)
at java.lang.reflect.Method.invoke(Unknown Source)
at org.openqa.selenium.support.events.EventFiringWebDriver.lambda$new$0(EventFiringWebDriver.java:84)
at com.sun.proxy.$Proxy10.onException(Unknown Source)
at org.openqa.selenium.support.events.EventFiringWebDriver.lambda$new$1(EventFiringWebDriver.java:107)
at com.sun.proxy.$Proxy18.getScreenshotAs(Unknown Source)
at org.openqa.selenium.support.events.EventFiringWebDriver.getScreenshotAs(EventFiringWebDriver.java:302)
at com.purpleAdmin.qa.util.TestUtil.takeScreenshotAtEndOfTest(TestUtil.java:68)
at com.purpleAdmin.qa.util.WebEventListener.onException(WebEventListener.java:60)
at sun.reflect.GeneratedMethodAccessor32.invoke(Unknown Source)
at sun.reflect.DelegatingMethodAccessorImpl.invoke(Unknown Source)
at java.lang.reflect.Method.invoke(Unknown Source)
at org.openqa.selenium.support.events.EventFiringWebDriver.lambda$new$0(EventFiringWebDriver.java:84)
at com.sun.proxy.$Proxy10.onException(Unknown Source)
at org.openqa.selenium.support.events.EventFiringWebDriver.lambda$new$1(EventFiringWebDriver.java:107)
at com.sun.proxy.$Proxy18.getScreenshotAs(Unknown Source)
at org.openqa.selenium.support.events.EventFiringWebDriver.getScreenshotAs(EventFiringWebDriver.java:302)
at com.purpleAdmin.qa.util.TestUtil.takeScreenshotAtEndOfTest(TestUtil.java:68)
at com.purpleAdmin.qa.util.WebEventListener.onException(WebEventListener.java:60)
at sun.reflect.GeneratedMethodAccessor32.invoke(Unknown Source)
at sun.reflect.DelegatingMethodAccessorImpl.invoke(Unknown Source)
at java.lang.reflect.Method.invoke(Unknown Source)
at org.openqa.selenium.support.events.EventFiringWebDriver.lambda$new$0(EventFiringWebDriver.java:84)
at com.sun.proxy.$Proxy10.onException(Unknown Source)
at org.openqa.selenium.support.events.EventFiringWebDriver.lambda$new$1(EventFiringWebDriver.java:107)
at com.sun.proxy.$Proxy18.getScreenshotAs(Unknown Source)
at org.openqa.selenium.support.events.EventFiringWebDriver.getScreenshotAs(EventFiringWebDriver.java:302)
at com.purpleAdmin.qa.util.TestUtil.takeScreenshotAtEndOfTest(TestUtil.java:68)
at com.purpleAdmin.qa.util.WebEventListener.onException(WebEventListener.java:60)
at sun.reflect.GeneratedMethodAccessor32.invoke(Unknown Source)
at sun.reflect.DelegatingMethodAccessorImpl.invoke(Unknown Source)
at java.lang.reflect.Method.invoke(Unknown Source)
at org.openqa.selenium.support.events.EventFiringWebDriver.lambda$new$0(EventFiringWebDriver.java:84)
at com.sun.proxy.$Proxy10.onException(Unknown Source)
at org.openqa.selenium.support.events.EventFiringWebDriver.lambda$new$1(EventFiringWebDriver.java:107)
at com.sun.proxy.$Proxy18.getScreenshotAs(Unknown Source)
at org.openqa.selenium.support.events.EventFiringWebDriver.getScreenshotAs(EventFiringWebDriver.java:302)
at com.purpleAdmin.qa.util.TestUtil.takeScreenshotAtEndOfTest(TestUtil.java:68)
at com.purpleAdmin.qa.util.WebEventListener.onException(WebEventListener.java:60)
at sun.reflect.GeneratedMethodAccessor32.invoke(Unknown Source)
at sun.reflect.DelegatingMethodAccessorImpl.invoke(Unknown Source)
at java.lang.reflect.Method.invoke(Unknown Source)
at org.openqa.selenium.support.events.EventFiringWebDriver.lambda$new$0(EventFiringWebDriver.java:84)
at com.sun.proxy.$Proxy10.onException(Unknown Source)
at org.openqa.selenium.support.events.EventFiringWebDriver.lambda$new$1(EventFiringWebDriver.java:107)
at com.sun.proxy.$Proxy18.getScreenshotAs(Unknown Source)
at org.openqa.selenium.support.events.EventFiringWebDriver.getScreenshotAs(EventFiringWebDriver.java:302)
at com.purpleAdmin.qa.util.TestUtil.takeScreenshotAtEndOfTest(TestUtil.java:68)
at com.purpleAdmin.qa.util.WebEventListener.onException(WebEventListener.java:60)
at sun.reflect.GeneratedMethodAccessor32.invoke(Unknown Source)
at sun.reflect.DelegatingMethodAccessorImpl.invoke(Unknown Source)
at java.lang.reflect.Method.invoke(Unknown Source)
at org.openqa.selenium.support.events.EventFiringWebDriver.lambda$new$0(EventFiringWebDriver.java:84)
at com.sun.proxy.$Proxy10.onException(Unknown Source)
at org.openqa.selenium.support.events.EventFiringWebDriver.lambda$new$1(EventFiringWebDriver.java:107)
at com.sun.proxy.$Proxy18.getScreenshotAs(Unknown Source)
at org.openqa.selenium.support.events.EventFiringWebDriver.getScreenshotAs(EventFiringWebDriver.java:302)
at com.purpleAdmin.qa.util.TestUtil.takeScreenshotAtEndOfTest(TestUtil.java:68)
at com.purpleAdmin.qa.util.WebEventListener.onException(WebEventListener.java:60)
at sun.reflect.GeneratedMethodAccessor32.invoke(Unknown Source)
at sun.reflect.DelegatingMethodAccessorImpl.invoke(Unknown Source)
at java.lang.reflect.Method.invoke(Unknown Source)
at org.openqa.selenium.support.events.EventFiringWebDriver.lambda$new$0(EventFiringWebDriver.java:84)
at com.sun.proxy.$Proxy10.onException(Unknown Source)
at org.openqa.selenium.support.events.EventFiringWebDriver.lambda$new$1(EventFiringWebDriver.java:107)
at com.sun.proxy.$Proxy18.getScreenshotAs(Unknown Source)
at org.openqa.selenium.support.events.EventFiringWebDriver.getScreenshotAs(EventFiringWebDriver.java:302)
at com.purpleAdmin.qa.util.TestUtil.takeScreenshotAtEndOfTest(TestUtil.java:68)
at com.purpleAdmin.qa.util.WebEventListener.onException(WebEventListener.java:60)
at sun.reflect.GeneratedMethodAccessor32.invoke(Unknown Source)
at sun.reflect.DelegatingMethodAccessorImpl.invoke(Unknown Source)
at java.lang.reflect.Method.invoke(Unknown Source)
at org.openqa.selenium.support.events.EventFiringWebDriver.lambda$new$0(EventFiringWebDriver.java:84)
at com.sun.proxy.$Proxy10.onException(Unknown Source)
at org.openqa.selenium.support.events.EventFiringWebDriver.lambda$new$1(EventFiringWebDriver.java:107)
at com.sun.proxy.$Proxy18.getScreenshotAs(Unknown Source)
at org.openqa.selenium.support.events.EventFiringWebDriver.getScreenshotAs(EventFiringWebDriver.java:302)
at com.purpleAdmin.qa.util.TestUtil.takeScreenshotAtEndOfTest(TestUtil.java:68)
at com.purpleAdmin.qa.util.WebEventListener.onException(WebEventListener.java:60)
at sun.reflect.GeneratedMethodAccessor32.invoke(Unknown Source)
at sun.reflect.DelegatingMethodAccessorImpl.invoke(Unknown Source)
at java.lang.reflect.Method.invoke(Unknown Source)
at org.openqa.selenium.support.events.EventFiringWebDriver.lambda$new$0(EventFiringWebDriver.java:84)
at com.sun.proxy.$Proxy10.onException(Unknown Source)
at org.openqa.selenium.support.events.EventFiringWebDriver.lambda$new$1(EventFiringWebDriver.java:107)
at com.sun.proxy.$Proxy18.getScreenshotAs(Unknown Source)
at org.openqa.selenium.support.events.EventFiringWebDriver.getScreenshotAs(EventFiringWebDriver.java:302)
at com.purpleAdmin.qa.util.TestUtil.takeScreenshotAtEndOfTest(TestUtil.java:68)
at com.purpleAdmin.qa.util.WebEventListener.onException(WebEventListener.java:60)
at sun.reflect.GeneratedMethodAccessor32.invoke(Unknown Source)
at sun.reflect.DelegatingMethodAccessorImpl.invoke(Unknown Source)
at java.lang.reflect.Method.invoke(Unknown Source)
at org.openqa.selenium.support.events.EventFiringWebDriver.lambda$new$0(EventFiringWebDriver.java:84)
at com.sun.proxy.$Proxy10.onException(Unknown Source)
at org.openqa.selenium.support.events.EventFiringWebDriver.lambda$new$1(EventFiringWebDriver.java:107)
at com.sun.proxy.$Proxy18.getScreenshotAs(Unknown Source)
at org.openqa.selenium.support.events.EventFiringWebDriver.getScreenshotAs(EventFiringWebDriver.java:302)
at com.purpleAdmin.qa.util.TestUtil.takeScreenshotAtEndOfTest(TestUtil.java:68)
at com.purpleAdmin.qa.util.WebEventListener.onException(WebEventListener.java:60)
at sun.reflect.GeneratedMethodAccessor32.invoke(Unknown Source)
at sun.reflect.DelegatingMethodAccessorImpl.invoke(Unknown Source)
at java.lang.reflect.Method.invoke(Unknown Source)
at org.openqa.selenium.support.events.EventFiringWebDriver.lambda$new$0(EventFiringWebDriver.java:84)
at com.sun.proxy.$Proxy10.onException(Unknown Source)
at org.openqa.selenium.support.events.EventFiringWebDriver.lambda$new$1(EventFiringWebDriver.java:107)
at com.sun.proxy.$Proxy18.getScreenshotAs(Unknown Source)
at org.openqa.selenium.support.events.EventFiringWebDriver.getScreenshotAs(EventFiringWebDriver.java:302)
at com.purpleAdmin.qa.util.TestUtil.takeScreenshotAtEndOfTest(TestUtil.java:68)
at com.purpleAdmin.qa.util.WebEventListener.onException(WebEventListener.java:60)
at sun.reflect.GeneratedMethodAccessor32.invoke(Unknown Source)
at sun.reflect.DelegatingMethodAccessorImpl.invoke(Unknown Source)
at java.lang.reflect.Method.invoke(Unknown Source)
at org.openqa.selenium.support.events.EventFiringWebDriver.lambda$new$0(EventFiringWebDriver.java:84)
at com.sun.proxy.$Proxy10.onException(Unknown Source)
at org.openqa.selenium.support.events.EventFiringWebDriver.lambda$new$1(EventFiringWebDriver.java:107)
at com.sun.proxy.$Proxy18.getScreenshotAs(Unknown Source)
at org.openqa.selenium.support.events.EventFiringWebDriver.getScreenshotAs(EventFiringWebDriver.java:302)
at com.purpleAdmin.qa.util.TestUtil.takeScreenshotAtEndOfTest(TestUtil.java:68)
at com.purpleAdmin.qa.util.WebEventListener.onException(WebEventListener.java:60)
at sun.reflect.GeneratedMethodAccessor32.invoke(Unknown Source)
at sun.reflect.DelegatingMethodAccessorImpl.invoke(Unknown Source)
at java.lang.reflect.Method.invoke(Unknown Source)
at org.openqa.selenium.support.events.EventFiringWebDriver.lambda$new$0(EventFiringWebDriver.java:84)
at com.sun.proxy.$Proxy10.onException(Unknown Source)
at org.openqa.selenium.support.events.EventFiringWebDriver.lambda$new$1(EventFiringWebDriver.java:107)
at com.sun.proxy.$Proxy18.getScreenshotAs(Unknown Source)
at org.openqa.selenium.support.events.EventFiringWebDriver.getScreenshotAs(EventFiringWebDriver.java:302)
at com.purpleAdmin.qa.util.TestUtil.takeScreenshotAtEndOfTest(TestUtil.java:68)
at com.purpleAdmin.qa.util.WebEventListener.onException(WebEventListener.java:60)
at sun.reflect.GeneratedMethodAccessor32.invoke(Unknown Source)
at sun.reflect.DelegatingMethodAccessorImpl.invoke(Unknown Source)
at java.lang.reflect.Method.invoke(Unknown Source)
at org.openqa.selenium.support.events.EventFiringWebDriver.lambda$new$0(EventFiringWebDriver.java:84)
at com.sun.proxy.$Proxy10.onException(Unknown Source)
at org.openqa.selenium.support.events.EventFiringWebDriver.lambda$new$1(EventFiringWebDriver.java:107)
at com.sun.proxy.$Proxy18.getScreenshotAs(Unknown Source)
at org.openqa.selenium.support.events.EventFiringWebDriver.getScreenshotAs(EventFiringWebDriver.java:302)
at com.purpleAdmin.qa.util.TestUtil.takeScreenshotAtEndOfTest(TestUtil.java:68)
at com.purpleAdmin.qa.util.WebEventListener.onException(WebEventListener.java:60)
at sun.reflect.GeneratedMethodAccessor32.invoke(Unknown Source)
at sun.reflect.DelegatingMethodAccessorImpl.invoke(Unknown Source)
at java.lang.reflect.Method.invoke(Unknown Source)
at org.openqa.selenium.support.events.EventFiringWebDriver.lambda$new$0(EventFiringWebDriver.java:84)
at com.sun.proxy.$Proxy10.onException(Unknown Source)
at org.openqa.selenium.support.events.EventFiringWebDriver.lambda$new$1(EventFiringWebDriver.java:107)
at com.sun.proxy.$Proxy18.getScreenshotAs(Unknown Source)
at org.openqa.selenium.support.events.EventFiringWebDriver.getScreenshotAs(EventFiringWebDriver.java:302)
at com.purpleAdmin.qa.util.TestUtil.takeScreenshotAtEndOfTest(TestUtil.java:68)
at com.purpleAdmin.qa.util.WebEventListener.onException(WebEventListener.java:60)
at sun.reflect.GeneratedMethodAccessor32.invoke(Unknown Source)
at sun.reflect.DelegatingMethodAccessorImpl.invoke(Unknown Source)
at java.lang.reflect.Method.invoke(Unknown Source)
at org.openqa.selenium.support.events.EventFiringWebDriver.lambda$new$0(EventFiringWebDriver.java:84)
at com.sun.proxy.$Proxy10.onException(Unknown Source)
at org.openqa.selenium.support.events.EventFiringWebDriver.lambda$new$1(EventFiringWebDriver.java:107)
at com.sun.proxy.$Proxy18.getScreenshotAs(Unknown Source)
at org.openqa.selenium.support.events.EventFiringWebDriver.getScreenshotAs(EventFiringWebDriver.java:302)
at com.purpleAdmin.qa.util.TestUtil.takeScreenshotAtEndOfTest(TestUtil.java:68)
at com.purpleAdmin.qa.util.WebEventListener.onException(WebEventListener.java:60)
at sun.reflect.GeneratedMethodAccessor32.invoke(Unknown Source)
at sun.reflect.DelegatingMethodAccessorImpl.invoke(Unknown Source)
at java.lang.reflect.Method.invoke(Unknown Source)
at org.openqa.selenium.support.events.EventFiringWebDriver.lambda$new$0(EventFiringWebDriver.java:84)
at com.sun.proxy.$Proxy10.onException(Unknown Source)
at org.openqa.selenium.support.events.EventFiringWebDriver.lambda$new$1(EventFiringWebDriver.java:107)
at com.sun.proxy.$Proxy18.getScreenshotAs(Unknown Source)
at org.openqa.selenium.support.events.EventFiringWebDriver.getScreenshotAs(EventFiringWebDriver.java:302)
at com.purpleAdmin.qa.util.TestUtil.takeScreenshotAtEndOfTest(TestUtil.java:68)
at com.purpleAdmin.qa.util.WebEventListener.onException(WebEventListener.java:60)
at sun.reflect.GeneratedMethodAccessor32.invoke(Unknown Source)
at sun.reflect.DelegatingMethodAccessorImpl.invoke(Unknown Source)
at java.lang.reflect.Method.invoke(Unknown Source)
at org.openqa.selenium.support.events.EventFiringWebDriver.lambda$new$0(EventFiringWebDriver.java:84)
at com.sun.proxy.$Proxy10.onException(Unknown Source)
at org.openqa.selenium.support.events.EventFiringWebDriver.lambda$new$1(EventFiringWebDriver.java:107)
at com.sun.proxy.$Proxy18.getScreenshotAs(Unknown Source)
at org.openqa.selenium.support.events.EventFiringWebDriver.getScreenshotAs(EventFiringWebDriver.java:302)
at com.purpleAdmin.qa.util.TestUtil.takeScreenshotAtEndOfTest(TestUtil.java:68)
at com.purpleAdmin.qa.util.WebEventListener.onException(WebEventListener.java:60)
at sun.reflect.GeneratedMethodAccessor32.invoke(Unknown Source)
at sun.reflect.DelegatingMethodAccessorImpl.invoke(Unknown Source)
at java.lang.reflect.Method.invoke(Unknown Source)
at org.openqa.selenium.support.events.EventFiringWebDriver.lambda$new$0(EventFiringWebDriver.java:84)
at com.sun.proxy.$Proxy10.onException(Unknown Source)
at org.openqa.selenium.support.events.EventFiringWebDriver.lambda$new$1(EventFiringWebDriver.java:107)
at com.sun.proxy.$Proxy18.getScreenshotAs(Unknown Source)
at org.openqa.selenium.support.events.EventFiringWebDriver.getScreenshotAs(EventFiringWebDriver.java:302)
at com.purpleAdmin.qa.util.TestUtil.takeScreenshotAtEndOfTest(TestUtil.java:68)
at com.purpleAdmin.qa.util.WebEventListener.onException(WebEventListener.java:60)
at sun.reflect.GeneratedMethodAccessor32.invoke(Unknown Source)
at sun.reflect.DelegatingMethodAccessorImpl.invoke(Unknown Source)
at java.lang.reflect.Method.invoke(Unknown Source)
at org.openqa.selenium.support.events.EventFiringWebDriver.lambda$new$0(EventFiringWebDriver.java:84)
at com.sun.proxy.$Proxy10.onException(Unknown Source)
at org.openqa.selenium.support.events.EventFiringWebDriver.lambda$new$1(EventFiringWebDriver.java:107)
at com.sun.proxy.$Proxy18.getScreenshotAs(Unknown Source)
at org.openqa.selenium.support.events.EventFiringWebDriver.getScreenshotAs(EventFiringWebDriver.java:302)
at com.purpleAdmin.qa.util.TestUtil.takeScreenshotAtEndOfTest(TestUtil.java:68)
at com.purpleAdmin.qa.util.WebEventListener.onException(WebEventListener.java:60)
at sun.reflect.GeneratedMethodAccessor32.invoke(Unknown Source)
at sun.reflect.DelegatingMethodAccessorImpl.invoke(Unknown Source)
at java.lang.reflect.Method.invoke(Unknown Source)
at org.openqa.selenium.support.events.EventFiringWebDriver.lambda$new$0(EventFiringWebDriver.java:84)
at com.sun.proxy.$Proxy10.onException(Unknown Source)
at org.openqa.selenium.support.events.EventFiringWebDriver.lambda$new$1(EventFiringWebDriver.java:107)
at com.sun.proxy.$Proxy18.getScreenshotAs(Unknown Source)
at org.openqa.selenium.support.events.EventFiringWebDriver.getScreenshotAs(EventFiringWebDriver.java:302)
at com.purpleAdmin.qa.util.TestUtil.takeScreenshotAtEndOfTest(TestUtil.java:68)
at com.purpleAdmin.qa.util.WebEventListener.onException(WebEventListener.java:60)
at sun.reflect.GeneratedMethodAccessor32.invoke(Unknown Source)
at sun.reflect.DelegatingMethodAccessorImpl.invoke(Unknown Source)
at java.lang.reflect.Method.invoke(Unknown Source)
at org.openqa.selenium.support.events.EventFiringWebDriver.lambda$new$0(EventFiringWebDriver.java:84)
at com.sun.proxy.$Proxy10.onException(Unknown Source)
at org.openqa.selenium.support.events.EventFiringWebDriver.lambda$new$1(EventFiringWebDriver.java:107)
at com.sun.proxy.$Proxy18.getScreenshotAs(Unknown Source)
at org.openqa.selenium.support.events.EventFiringWebDriver.getScreenshotAs(EventFiringWebDriver.java:302)
at com.purpleAdmin.qa.util.TestUtil.takeScreenshotAtEndOfTest(TestUtil.java:68)
at com.purpleAdmin.qa.util.WebEventListener.onException(WebEventListener.java:60)
at sun.reflect.GeneratedMethodAccessor32.invoke(Unknown Source)
at sun.reflect.DelegatingMethodAccessorImpl.invoke(Unknown Source)
at java.lang.reflect.Method.invoke(Unknown Source)
at org.openqa.selenium.support.events.EventFiringWebDriver.lambda$new$0(EventFiringWebDriver.java:84)
at com.sun.proxy.$Proxy10.onException(Unknown Source)
at org.openqa.selenium.support.events.EventFiringWebDriver.lambda$new$1(EventFiringWebDriver.java:107)
at com.sun.proxy.$Proxy18.getScreenshotAs(Unknown Source)
at org.openqa.selenium.support.events.EventFiringWebDriver.getScreenshotAs(EventFiringWebDriver.java:302)
at com.purpleAdmin.qa.util.TestUtil.takeScreenshotAtEndOfTest(TestUtil.java:68)
at com.purpleAdmin.qa.util.WebEventListener.onException(WebEventListener.java:60)
at sun.reflect.GeneratedMethodAccessor32.invoke(Unknown Source)
at sun.reflect.DelegatingMethodAccessorImpl.invoke(Unknown Source)
at java.lang.reflect.Method.invoke(Unknown Source)
at org.openqa.selenium.support.events.EventFiringWebDriver.lambda$new$0(EventFiringWebDriver.java:84)
at com.sun.proxy.$Proxy10.onException(Unknown Source)
at org.openqa.selenium.support.events.EventFiringWebDriver.lambda$new$1(EventFiringWebDriver.java:107)
at com.sun.proxy.$Proxy18.getScreenshotAs(Unknown Source)
at org.openqa.selenium.support.events.EventFiringWebDriver.getScreenshotAs(EventFiringWebDriver.java:302)
at com.purpleAdmin.qa.util.TestUtil.takeScreenshotAtEndOfTest(TestUtil.java:68)
at com.purpleAdmin.qa.util.WebEventListener.onException(WebEventListener.java:60)
at sun.reflect.GeneratedMethodAccessor32.invoke(Unknown Source)
at sun.reflect.DelegatingMethodAccessorImpl.invoke(Unknown Source)
at java.lang.reflect.Method.invoke(Unknown Source)
at org.openqa.selenium.support.events.EventFiringWebDriver.lambda$new$0(EventFiringWebDriver.java:84)
at com.sun.proxy.$Proxy10.onException(Unknown Source)
at org.openqa.selenium.support.events.EventFiringWebDriver.lambda$new$1(EventFiringWebDriver.java:107)
at com.sun.proxy.$Proxy18.getScreenshotAs(Unknown Source)
at org.openqa.selenium.support.events.EventFiringWebDriver.getScreenshotAs(EventFiringWebDriver.java:302)
at com.purpleAdmin.qa.util.TestUtil.takeScreenshotAtEndOfTest(TestUtil.java:68)
at com.purpleAdmin.qa.util.WebEventListener.onException(WebEventListener.java:60)
at sun.reflect.GeneratedMethodAccessor32.invoke(Unknown Source)
at sun.reflect.DelegatingMethodAccessorImpl.invoke(Unknown Source)
at java.lang.reflect.Method.invoke(Unknown Source)
at org.openqa.selenium.support.events.EventFiringWebDriver.lambda$new$0(EventFiringWebDriver.java:84)
at com.sun.proxy.$Proxy10.onException(Unknown Source)
at org.openqa.selenium.support.events.EventFiringWebDriver.lambda$new$1(EventFiringWebDriver.java:107)
at com.sun.proxy.$Proxy18.getScreenshotAs(Unknown Source)
at org.openqa.selenium.support.events.EventFiringWebDriver.getScreenshotAs(EventFiringWebDriver.java:302)
at com.purpleAdmin.qa.util.TestUtil.takeScreenshotAtEndOfTest(TestUtil.java:68)
at com.purpleAdmin.qa.util.WebEventListener.onException(WebEventListener.java:60)
at sun.reflect.GeneratedMethodAccessor32.invoke(Unknown Source)
at sun.reflect.DelegatingMethodAccessorImpl.invoke(Unknown Source)
at java.lang.reflect.Method.invoke(Unknown Source)
at org.openqa.selenium.support.events.EventFiringWebDriver.lambda$new$0(EventFiringWebDriver.java:84)
at com.sun.proxy.$Proxy10.onException(Unknown Source)
at org.openqa.selenium.support.events.EventFiringWebDriver.lambda$new$1(EventFiringWebDriver.java:107)
at com.sun.proxy.$Proxy18.getScreenshotAs(Unknown Source)
at org.openqa.selenium.support.events.EventFiringWebDriver.getScreenshotAs(EventFiringWebDriver.java:302)
at com.purpleAdmin.qa.util.TestUtil.takeScreenshotAtEndOfTest(TestUtil.java:68)
at com.purpleAdmin.qa.util.WebEventListener.onException(WebEventListener.java:60)
at sun.reflect.GeneratedMethodAccessor32.invoke(Unknown Source)
at sun.reflect.DelegatingMethodAccessorImpl.invoke(Unknown Source)
at java.lang.reflect.Method.invoke(Unknown Source)
at org.openqa.selenium.support.events.EventFiringWebDriver.lambda$new$0(EventFiringWebDriver.java:84)
at com.sun.proxy.$Proxy10.onException(Unknown Source)
at org.openqa.selenium.support.events.EventFiringWebDriver.lambda$new$1(EventFiringWebDriver.java:107)
at com.sun.proxy.$Proxy18.getScreenshotAs(Unknown Source)
at org.openqa.selenium.support.events.EventFiringWebDriver.getScreenshotAs(EventFiringWebDriver.java:302)
at com.purpleAdmin.qa.util.TestUtil.takeScreenshotAtEndOfTest(TestUtil.java:68)
at com.purpleAdmin.qa.util.WebEventListener.onException(WebEventListener.java:60)
at sun.reflect.GeneratedMethodAccessor32.invoke(Unknown Source)
at sun.reflect.DelegatingMethodAccessorImpl.invoke(Unknown Source)
at java.lang.reflect.Method.invoke(Unknown Source)
at org.openqa.selenium.support.events.EventFiringWebDriver.lambda$new$0(EventFiringWebDriver.java:84)
at com.sun.proxy.$Proxy10.onException(Unknown Source)
at org.openqa.selenium.support.events.EventFiringWebDriver.lambda$new$1(EventFiringWebDriver.java:107)
at com.sun.proxy.$Proxy18.getScreenshotAs(Unknown Source)
at org.openqa.selenium.support.events.EventFiringWebDriver.getScreenshotAs(EventFiringWebDriver.java:302)
at com.purpleAdmin.qa.util.TestUtil.takeScreenshotAtEndOfTest(TestUtil.java:68)
at com.purpleAdmin.qa.util.WebEventListener.onException(WebEventListener.java:60)
at sun.reflect.GeneratedMethodAccessor32.invoke(Unknown Source)
at sun.reflect.DelegatingMethodAccessorImpl.invoke(Unknown Source)
at java.lang.reflect.Method.invoke(Unknown Source)
at org.openqa.selenium.support.events.EventFiringWebDriver.lambda$new$0(EventFiringWebDriver.java:84)
at com.sun.proxy.$Proxy10.onException(Unknown Source)
at org.openqa.selenium.support.events.EventFiringWebDriver.lambda$new$1(EventFiringWebDriver.java:107)
at com.sun.proxy.$Proxy18.getScreenshotAs(Unknown Source)
at org.openqa.selenium.support.events.EventFiringWebDriver.getScreenshotAs(EventFiringWebDriver.java:302)
at com.purpleAdmin.qa.util.TestUtil.takeScreenshotAtEndOfTest(TestUtil.java:68)
at com.purpleAdmin.qa.util.WebEventListener.onException(WebEventListener.java:60)
at sun.reflect.GeneratedMethodAccessor32.invoke(Unknown Source)
at sun.reflect.DelegatingMethodAccessorImpl.invoke(Unknown Source)
at java.lang.reflect.Method.invoke(Unknown Source)
at org.openqa.selenium.support.events.EventFiringWebDriver.lambda$new$0(EventFiringWebDriver.java:84)
at com.sun.proxy.$Proxy10.onException(Unknown Source)
at org.openqa.selenium.support.events.EventFiringWebDriver.lambda$new$1(EventFiringWebDriver.java:107)
at com.sun.proxy.$Proxy18.getScreenshotAs(Unknown Source)
at org.openqa.selenium.support.events.EventFiringWebDriver.getScreenshotAs(EventFiringWebDriver.java:302)
at com.purpleAdmin.qa.util.TestUtil.takeScreenshotAtEndOfTest(TestUtil.java:68)
at com.purpleAdmin.qa.util.WebEventListener.onException(WebEventListener.java:60)
at sun.reflect.GeneratedMethodAccessor32.invoke(Unknown Source)
at sun.reflect.DelegatingMethodAccessorImpl.invoke(Unknown Source)
at java.lang.reflect.Method.invoke(Unknown Source)
at org.openqa.selenium.support.events.EventFiringWebDriver.lambda$new$0(EventFiringWebDriver.java:84)
at com.sun.proxy.$Proxy10.onException(Unknown Source)
at org.openqa.selenium.support.events.EventFiringWebDriver.lambda$new$1(EventFiringWebDriver.java:107)
at com.sun.proxy.$Proxy18.getScreenshotAs(Unknown Source)
at org.openqa.selenium.support.events.EventFiringWebDriver.getScreenshotAs(EventFiringWebDriver.java:302)
at com.purpleAdmin.qa.util.TestUtil.takeScreenshotAtEndOfTest(TestUtil.java:68)
at com.purpleAdmin.qa.util.WebEventListener.onException(WebEventListener.java:60)
at sun.reflect.GeneratedMethodAccessor32.invoke(Unknown Source)
at sun.reflect.DelegatingMethodAccessorImpl.invoke(Unknown Source)
at java.lang.reflect.Method.invoke(Unknown Source)
at org.openqa.selenium.support.events.EventFiringWebDriver.lambda$new$0(EventFiringWebDriver.java:84)
at com.sun.proxy.$Proxy10.onException(Unknown Source)
at org.openqa.selenium.support.events.EventFiringWebDriver.lambda$new$1(EventFiringWebDriver.java:107)
at com.sun.proxy.$Proxy18.getScreenshotAs(Unknown Source)
at org.openqa.selenium.support.events.EventFiringWebDriver.getScreenshotAs(EventFiringWebDriver.java:302)
at com.purpleAdmin.qa.util.TestUtil.takeScreenshotAtEndOfTest(TestUtil.java:68)
at com.purpleAdmin.qa.util.WebEventListener.onException(WebEventListener.java:60)
at sun.reflect.GeneratedMethodAccessor32.invoke(Unknown Source)
at sun.reflect.DelegatingMethodAccessorImpl.invoke(Unknown Source)
at java.lang.reflect.Method.invoke(Unknown Source)
at org.openqa.selenium.support.events.EventFiringWebDriver.lambda$new$0(EventFiringWebDriver.java:84)
at com.sun.proxy.$Proxy10.onException(Unknown Source)
at org.openqa.selenium.support.events.EventFiringWebDriver.lambda$new$1(EventFiringWebDriver.java:107)
at com.sun.proxy.$Proxy18.getScreenshotAs(Unknown Source)
at org.openqa.selenium.support.events.EventFiringWebDriver.getScreenshotAs(EventFiringWebDriver.java:302)
at com.purpleAdmin.qa.util.TestUtil.takeScreenshotAtEndOfTest(TestUtil.java:68)
at com.purpleAdmin.qa.util.WebEventListener.onException(WebEventListener.java:60)
at sun.reflect.GeneratedMethodAccessor32.invoke(Unknown Source)
at sun.reflect.DelegatingMethodAccessorImpl.invoke(Unknown Source)
at java.lang.reflect.Method.invoke(Unknown Source)
at org.openqa.selenium.support.events.EventFiringWebDriver.lambda$new$0(EventFiringWebDriver.java:84)
at com.sun.proxy.$Proxy10.onException(Unknown Source)
at org.openqa.selenium.support.events.EventFiringWebDriver.lambda$new$1(EventFiringWebDriver.java:107)
at com.sun.proxy.$Proxy18.getScreenshotAs(Unknown Source)
at org.openqa.selenium.support.events.EventFiringWebDriver.getScreenshotAs(EventFiringWebDriver.java:302)
at com.purpleAdmin.qa.util.TestUtil.takeScreenshotAtEndOfTest(TestUtil.java:68)
at com.purpleAdmin.qa.util.WebEventListener.onException(WebEventListener.java:60)
at sun.reflect.GeneratedMethodAccessor32.invoke(Unknown Source)
at sun.reflect.DelegatingMethodAccessorImpl.invoke(Unknown Source)
at java.lang.reflect.Method.invoke(Unknown Source)
at org.openqa.selenium.support.events.EventFiringWebDriver.lambda$new$0(EventFiringWebDriver.java:84)
at com.sun.proxy.$Proxy10.onException(Unknown Source)
at org.openqa.selenium.support.events.EventFiringWebDriver.lambda$new$1(EventFiringWebDriver.java:107)
at com.sun.proxy.$Proxy18.getScreenshotAs(Unknown Source)
at org.openqa.selenium.support.events.EventFiringWebDriver.getScreenshotAs(EventFiringWebDriver.java:302)
at com.purpleAdmin.qa.util.TestUtil.takeScreenshotAtEndOfTest(TestUtil.java:68)
at com.purpleAdmin.qa.util.WebEventListener.onException(WebEventListener.java:60)
at sun.reflect.GeneratedMethodAccessor32.invoke(Unknown Source)
at sun.reflect.DelegatingMethodAccessorImpl.invoke(Unknown Source)
at java.lang.reflect.Method.invoke(Unknown Source)
at org.openqa.selenium.support.events.EventFiringWebDriver.lambda$new$0(EventFiringWebDriver.java:84)
at com.sun.proxy.$Proxy10.onException(Unknown Source)
at org.openqa.selenium.support.events.EventFiringWebDriver.lambda$new$1(EventFiringWebDriver.java:107)
at com.sun.proxy.$Proxy18.getScreenshotAs(Unknown Source)
at org.openqa.selenium.support.events.EventFiringWebDriver.getScreenshotAs(EventFiringWebDriver.java:302)
at com.purpleAdmin.qa.util.TestUtil.takeScreenshotAtEndOfTest(TestUtil.java:68)
at com.purpleAdmin.qa.util.WebEventListener.onException(WebEventListener.java:60)
at sun.reflect.GeneratedMethodAccessor32.invoke(Unknown Source)
at sun.reflect.DelegatingMethodAccessorImpl.invoke(Unknown Source)
at java.lang.reflect.Method.invoke(Unknown Source)
at org.openqa.selenium.support.events.EventFiringWebDriver.lambda$new$0(EventFiringWebDriver.java:84)
at com.sun.proxy.$Proxy10.onException(Unknown Source)
at org.openqa.selenium.support.events.EventFiringWebDriver.lambda$new$1(EventFiringWebDriver.java:107)
at com.sun.proxy.$Proxy18.getScreenshotAs(Unknown Source)
at org.openqa.selenium.support.events.EventFiringWebDriver.getScreenshotAs(EventFiringWebDriver.java:302)
at com.purpleAdmin.qa.util.TestUtil.takeScreenshotAtEndOfTest(TestUtil.java:68)
at com.purpleAdmin.qa.util.WebEventListener.onException(WebEventListener.java:60)
at sun.reflect.GeneratedMethodAccessor32.invoke(Unknown Source)
at sun.reflect.DelegatingMethodAccessorImpl.invoke(Unknown Source)
at java.lang.reflect.Method.invoke(Unknown Source)
at org.openqa.selenium.support.events.EventFiringWebDriver.lambda$new$0(EventFiringWebDriver.java:84)
at com.sun.proxy.$Proxy10.onException(Unknown Source)
at org.openqa.selenium.support.events.EventFiringWebDriver.lambda$new$1(EventFiringWebDriver.java:107)
at com.sun.proxy.$Proxy18.getScreenshotAs(Unknown Source)
at org.openqa.selenium.support.events.EventFiringWebDriver.getScreenshotAs(EventFiringWebDriver.java:302)
at com.purpleAdmin.qa.util.TestUtil.takeScreenshotAtEndOfTest(TestUtil.java:68)
at com.purpleAdmin.qa.util.WebEventListener.onException(WebEventListener.java:60)
at sun.reflect.GeneratedMethodAccessor32.invoke(Unknown Source)
at sun.reflect.DelegatingMethodAccessorImpl.invoke(Unknown Source)
at java.lang.reflect.Method.invoke(Unknown Source)
at org.openqa.selenium.support.events.EventFiringWebDriver.lambda$new$0(EventFiringWebDriver.java:84)
at com.sun.proxy.$Proxy10.onException(Unknown Source)
at org.openqa.selenium.support.events.EventFiringWebDriver.lambda$new$1(EventFiringWebDriver.java:107)
at com.sun.proxy.$Proxy18.getScreenshotAs(Unknown Source)
at org.openqa.selenium.support.events.EventFiringWebDriver.getScreenshotAs(EventFiringWebDriver.java:302)
at com.purpleAdmin.qa.util.TestUtil.takeScreenshotAtEndOfTest(TestUtil.java:68)
at com.purpleAdmin.qa.util.WebEventListener.onException(WebEventListener.java:60)
at sun.reflect.GeneratedMethodAccessor32.invoke(Unknown Source)
at sun.reflect.DelegatingMethodAccessorImpl.invoke(Unknown Source)
at java.lang.reflect.Method.invoke(Unknown Source)
at org.openqa.selenium.support.events.EventFiringWebDriver.lambda$new$0(EventFiringWebDriver.java:84)
at com.sun.proxy.$Proxy10.onException(Unknown Source)
at org.openqa.selenium.support.events.EventFiringWebDriver.lambda$new$1(EventFiringWebDriver.java:107)
at com.sun.proxy.$Proxy18.getScreenshotAs(Unknown Source)
at org.openqa.selenium.support.events.EventFiringWebDriver.getScreenshotAs(EventFiringWebDriver.java:302)
at com.purpleAdmin.qa.util.TestUtil.takeScreenshotAtEndOfTest(TestUtil.java:68)
at com.purpleAdmin.qa.util.WebEventListener.onException(WebEventListener.java:60)
at sun.reflect.GeneratedMethodAccessor32.invoke(Unknown Source)
at sun.reflect.DelegatingMethodAccessorImpl.invoke(Unknown Source)
at java.lang.reflect.Method.invoke(Unknown Source)
at org.openqa.selenium.support.events.EventFiringWebDriver.lambda$new$0(EventFiringWebDriver.java:84)
at com.sun.proxy.$Proxy10.onException(Unknown Source)
at org.openqa.selenium.support.events.EventFiringWebDriver.lambda$new$1(EventFiringWebDriver.java:107)
at com.sun.proxy.$Proxy18.getScreenshotAs(Unknown Source)
at org.openqa.selenium.support.events.EventFiringWebDriver.getScreenshotAs(EventFiringWebDriver.java:302)
at com.purpleAdmin.qa.util.TestUtil.takeScreenshotAtEndOfTest(TestUtil.java:68)
at com.purpleAdmin.qa.util.WebEventListener.onException(WebEventListener.java:60)
at sun.reflect.GeneratedMethodAccessor32.invoke(Unknown Source)
at sun.reflect.DelegatingMethodAccessorImpl.invoke(Unknown Source)
at java.lang.reflect.Method.invoke(Unknown Source)
at org.openqa.selenium.support.events.EventFiringWebDriver.lambda$new$0(EventFiringWebDriver.java:84)
at com.sun.proxy.$Proxy10.onException(Unknown Source)
at org.openqa.selenium.support.events.EventFiringWebDriver.lambda$new$1(EventFiringWebDriver.java:107)
at com.sun.proxy.$Proxy18.getScreenshotAs(Unknown Source)
at org.openqa.selenium.support.events.EventFiringWebDriver.getScreenshotAs(EventFiringWebDriver.java:302)
at com.purpleAdmin.qa.util.TestUtil.takeScreenshotAtEndOfTest(TestUtil.java:68)
at com.purpleAdmin.qa.util.WebEventListener.onException(WebEventListener.java:60)
at sun.reflect.GeneratedMethodAccessor32.invoke(Unknown Source)
at sun.reflect.DelegatingMethodAccessorImpl.invoke(Unknown Source)
at java.lang.reflect.Method.invoke(Unknown Source)
at org.openqa.selenium.support.events.EventFiringWebDriver.lambda$new$0(EventFiringWebDriver.java:84)
at com.sun.proxy.$Proxy10.onException(Unknown Source)
at org.openqa.selenium.support.events.EventFiringWebDriver.lambda$new$1(EventFiringWebDriver.java:107)
at com.sun.proxy.$Proxy18.getScreenshotAs(Unknown Source)
at org.openqa.selenium.support.events.EventFiringWebDriver.getScreenshotAs(EventFiringWebDriver.java:302)
at com.purpleAdmin.qa.util.TestUtil.takeScreenshotAtEndOfTest(TestUtil.java:68)
at com.purpleAdmin.qa.util.WebEventListener.onException(WebEventListener.java:60)
at sun.reflect.GeneratedMethodAccessor32.invoke(Unknown Source)
at sun.reflect.DelegatingMethodAccessorImpl.invoke(Unknown Source)
at java.lang.reflect.Method.invoke(Unknown Source)
at org.openqa.selenium.support.events.EventFiringWebDriver.lambda$new$0(EventFiringWebDriver.java:84)
at com.sun.proxy.$Proxy10.onException(Unknown Source)
at org.openqa.selenium.support.events.EventFiringWebDriver.lambda$new$1(EventFiringWebDriver.java:107)
at com.sun.proxy.$Proxy18.getScreenshotAs(Unknown Source)
at org.openqa.selenium.support.events.EventFiringWebDriver.getScreenshotAs(EventFiringWebDriver.java:302)
at com.purpleAdmin.qa.util.TestUtil.takeScreenshotAtEndOfTest(TestUtil.java:68)
at com.purpleAdmin.qa.util.WebEventListener.onException(WebEventListener.java:60)
at sun.reflect.GeneratedMethodAccessor32.invoke(Unknown Source)
at sun.reflect.DelegatingMethodAccessorImpl.invoke(Unknown Source)
at java.lang.reflect.Method.invoke(Unknown Source)
at org.openqa.selenium.support.events.EventFiringWebDriver.lambda$new$0(EventFiringWebDriver.java:84)
at com.sun.proxy.$Proxy10.onException(Unknown Source)
at org.openqa.selenium.support.events.EventFiringWebDriver.lambda$new$1(EventFiringWebDriver.java:107)
at com.sun.proxy.$Proxy18.getScreenshotAs(Unknown Source)
at org.openqa.selenium.support.events.EventFiringWebDriver.getScreenshotAs(EventFiringWebDriver.java:302)
at com.purpleAdmin.qa.util.TestUtil.takeScreenshotAtEndOfTest(TestUtil.java:68)
at com.purpleAdmin.qa.util.WebEventListener.onException(WebEventListener.java:60)
at sun.reflect.GeneratedMethodAccessor32.invoke(Unknown Source)
at sun.reflect.DelegatingMethodAccessorImpl.invoke(Unknown Source)
at java.lang.reflect.Method.invoke(Unknown Source)
at org.openqa.selenium.support.events.EventFiringWebDriver.lambda$new$0(EventFiringWebDriver.java:84)
at com.sun.proxy.$Proxy10.onException(Unknown Source)
at org.openqa.selenium.support.events.EventFiringWebDriver.lambda$new$1(EventFiringWebDriver.java:107)
at com.sun.proxy.$Proxy18.getScreenshotAs(Unknown Source)
at org.openqa.selenium.support.events.EventFiringWebDriver.getScreenshotAs(EventFiringWebDriver.java:302)
at com.purpleAdmin.qa.util.TestUtil.takeScreenshotAtEndOfTest(TestUtil.java:68)
at com.purpleAdmin.qa.util.WebEventListener.onException(WebEventListener.java:60)
at sun.reflect.GeneratedMethodAccessor32.invoke(Unknown Source)
at sun.reflect.DelegatingMethodAccessorImpl.invoke(Unknown Source)
at java.lang.reflect.Method.invoke(Unknown Source)
at org.openqa.selenium.support.events.EventFiringWebDriver.lambda$new$0(EventFiringWebDriver.java:84)
at com.sun.proxy.$Proxy10.onException(Unknown Source)
at org.openqa.selenium.support.events.EventFiringWebDriver.lambda$new$1(EventFiringWebDriver.java:107)
at com.sun.proxy.$Proxy18.getScreenshotAs(Unknown Source)
at org.openqa.selenium.support.events.EventFiringWebDriver.getScreenshotAs(EventFiringWebDriver.java:302)
at com.purpleAdmin.qa.util.TestUtil.takeScreenshotAtEndOfTest(TestUtil.java:68)
at com.purpleAdmin.qa.util.WebEventListener.onException(WebEventListener.java:60)
at sun.reflect.GeneratedMethodAccessor32.invoke(Unknown Source)
]]>
            </full-stacktrace>
          </exception> <!-- java.lang.StackOverflowError -->
          <reporter-output>
          </reporter-output>
        </test-method> <!-- validateOnsiteDirections -->
        <test-method status="PASS" signature="tearDown()[pri:0, instance:com.purpleAdmin.qa.testcases.WebNavigationDirectionsTestCases@73846619]" name="tearDown" is-config="true" duration-ms="596" started-at="2020-07-28T10:33:18Z" finished-at="2020-07-28T10:33:19Z">
          <reporter-output>
          </reporter-output>
        </test-method> <!-- tearDown -->
      </class> <!-- com.purpleAdmin.qa.testcases.WebNavigationDirectionsTestCases -->
    </test> <!-- Default test -->
  </suite> <!-- Default suite -->
</testng-results>
